{"C:\\projects\\Khata\\eslint.config.js": {"path":"C:\\projects\\Khata\\eslint.config.js","statementMap":{"0":{"start":{"line":2,"column":25},"end":{"line":2,"column":49}},"1":{"start":{"line":3,"column":19},"end":{"line":3,"column":53}},"2":{"start":{"line":5,"column":0},"end":{"line":10,"column":3}}},"fnMap":{},"branchMap":{},"s":{"0":0,"1":0,"2":0},"f":{},"b":{}}
,"C:\\projects\\Khata\\expo-env.d.ts": {"path":"C:\\projects\\Khata\\expo-env.d.ts","statementMap":{},"fnMap":{},"branchMap":{},"s":{},"f":{},"b":{}}
,"C:\\projects\\Khata\\jest.config.js": {"path":"C:\\projects\\Khata\\jest.config.js","statementMap":{"0":{"start":{"line":1,"column":0},"end":{"line":19,"column":2}}},"fnMap":{},"branchMap":{},"s":{"0":0},"f":{},"b":{}}
,"C:\\projects\\Khata\\.expo\\types\\router.d.ts": {"path":"C:\\projects\\Khata\\.expo\\types\\router.d.ts","statementMap":{},"fnMap":{},"branchMap":{},"s":{},"f":{},"b":{}}
,"C:\\projects\\Khata\\app\\_layout.tsx": {"path":"C:\\projects\\Khata\\app\\_layout.tsx","statementMap":{"0":{"start":{"line":8,"column":0},"end":{"line":8,"column":36}},"1":{"start":{"line":11,"column":52},"end":{"line":11,"column":66}},"2":{"start":{"line":12,"column":34},"end":{"line":12,"column":49}},"3":{"start":{"line":14,"column":2},"end":{"line":21,"column":9}},"4":{"start":{"line":15,"column":20},"end":{"line":19,"column":5}},"5":{"start":{"line":16,"column":6},"end":{"line":16,"column":26}},"6":{"start":{"line":17,"column":6},"end":{"line":17,"column":24}},"7":{"start":{"line":18,"column":6},"end":{"line":18,"column":31}},"8":{"start":{"line":20,"column":4},"end":{"line":20,"column":14}},"9":{"start":{"line":23,"column":2},"end":{"line":25,"column":3}},"10":{"start":{"line":24,"column":4},"end":{"line":24,"column":16}},"11":{"start":{"line":27,"column":2},"end":{"line":45,"column":4}}},"fnMap":{"0":{"name":"RootLayout","decl":{"start":{"line":10,"column":24},"end":{"line":10,"column":34}},"loc":{"start":{"line":10,"column":37},"end":{"line":46,"column":1}},"line":10},"1":{"name":"(anonymous_1)","decl":{"start":{"line":14,"column":12},"end":{"line":14,"column":13}},"loc":{"start":{"line":14,"column":18},"end":{"line":21,"column":3}},"line":14},"2":{"name":"(anonymous_2)","decl":{"start":{"line":15,"column":20},"end":{"line":15,"column":21}},"loc":{"start":{"line":15,"column":32},"end":{"line":19,"column":5}},"line":15}},"branchMap":{"0":{"loc":{"start":{"line":23,"column":2},"end":{"line":25,"column":3}},"type":"if","locations":[{"start":{"line":23,"column":2},"end":{"line":25,"column":3}},{"start":{},"end":{}}],"line":23},"1":{"loc":{"start":{"line":23,"column":6},"end":{"line":23,"column":26}},"type":"binary-expr","locations":[{"start":{"line":23,"column":6},"end":{"line":23,"column":15}},{"start":{"line":23,"column":19},"end":{"line":23,"column":26}}],"line":23},"2":{"loc":{"start":{"line":30,"column":9},"end":{"line":40,"column":9}},"type":"cond-expr","locations":[{"start":{"line":31,"column":10},"end":{"line":31,"column":73}},{"start":{"line":33,"column":10},"end":{"line":39,"column":12}}],"line":30}},"s":{"0":0,"1":0,"2":0,"3":0,"4":0,"5":0,"6":0,"7":0,"8":0,"9":0,"10":0,"11":0},"f":{"0":0,"1":0,"2":0},"b":{"0":[0,0],"1":[0,0],"2":[0,0]}}
,"C:\\projects\\Khata\\app\\add-customer.tsx": {"path":"C:\\projects\\Khata\\app\\add-customer.tsx","statementMap":{"0":{"start":{"line":5,"column":2},"end":{"line":11,"column":4}},"1":{"start":{"line":8,"column":8},"end":{"line":8,"column":22}}},"fnMap":{"0":{"name":"AddCustomerPage","decl":{"start":{"line":4,"column":24},"end":{"line":4,"column":39}},"loc":{"start":{"line":4,"column":42},"end":{"line":12,"column":1}},"line":4},"1":{"name":"(anonymous_1)","decl":{"start":{"line":7,"column":17},"end":{"line":7,"column":18}},"loc":{"start":{"line":7,"column":23},"end":{"line":9,"column":7}},"line":7}},"branchMap":{},"s":{"0":0,"1":0},"f":{"0":0,"1":0},"b":{}}
,"C:\\projects\\Khata\\app\\login.tsx": {"path":"C:\\projects\\Khata\\app\\login.tsx","statementMap":{"0":{"start":{"line":5,"column":2},"end":{"line":11,"column":4}},"1":{"start":{"line":8,"column":8},"end":{"line":8,"column":34}}},"fnMap":{"0":{"name":"LoginPage","decl":{"start":{"line":4,"column":24},"end":{"line":4,"column":33}},"loc":{"start":{"line":4,"column":36},"end":{"line":12,"column":1}},"line":4},"1":{"name":"(anonymous_1)","decl":{"start":{"line":7,"column":17},"end":{"line":7,"column":18}},"loc":{"start":{"line":7,"column":23},"end":{"line":9,"column":7}},"line":7}},"branchMap":{},"s":{"0":0,"1":0},"f":{"0":0,"1":0},"b":{}}
,"C:\\projects\\Khata\\app\\modal.tsx": {"path":"C:\\projects\\Khata\\app\\modal.tsx","statementMap":{"0":{"start":{"line":8,"column":2},"end":{"line":15,"column":4}},"1":{"start":{"line":18,"column":15},"end":{"line":29,"column":2}}},"fnMap":{"0":{"name":"ModalScreen","decl":{"start":{"line":7,"column":24},"end":{"line":7,"column":35}},"loc":{"start":{"line":7,"column":38},"end":{"line":16,"column":1}},"line":7}},"branchMap":{},"s":{"0":0,"1":0},"f":{"0":0},"b":{}}
,"C:\\projects\\Khata\\app\\settings.tsx": {"path":"C:\\projects\\Khata\\app\\settings.tsx","statementMap":{"0":{"start":{"line":16,"column":28},"end":{"line":16,"column":42}},"1":{"start":{"line":18,"column":24},"end":{"line":34,"column":3}},"2":{"start":{"line":19,"column":4},"end":{"line":33,"column":7}},"3":{"start":{"line":25,"column":10},"end":{"line":30,"column":11}},"4":{"start":{"line":26,"column":12},"end":{"line":26,"column":28}},"5":{"start":{"line":27,"column":12},"end":{"line":27,"column":37}},"6":{"start":{"line":29,"column":12},"end":{"line":29,"column":55}},"7":{"start":{"line":36,"column":2},"end":{"line":150,"column":4}},"8":{"start":{"line":153,"column":15},"end":{"line":258,"column":2}}},"fnMap":{"0":{"name":"SettingsScreen","decl":{"start":{"line":15,"column":24},"end":{"line":15,"column":38}},"loc":{"start":{"line":15,"column":41},"end":{"line":151,"column":1}},"line":15},"1":{"name":"(anonymous_1)","decl":{"start":{"line":18,"column":24},"end":{"line":18,"column":25}},"loc":{"start":{"line":18,"column":30},"end":{"line":34,"column":3}},"line":18},"2":{"name":"(anonymous_2)","decl":{"start":{"line":24,"column":17},"end":{"line":24,"column":18}},"loc":{"start":{"line":24,"column":29},"end":{"line":31,"column":9}},"line":24}},"branchMap":{"0":{"loc":{"start":{"line":55,"column":15},"end":{"line":55,"column":63}},"type":"cond-expr","locations":[{"start":{"line":55,"column":40},"end":{"line":55,"column":50}},{"start":{"line":55,"column":53},"end":{"line":55,"column":63}}],"line":55}},"s":{"0":0,"1":0,"2":0,"3":0,"4":0,"5":0,"6":0,"7":0,"8":0},"f":{"0":0,"1":0,"2":0},"b":{"0":[0,0]}}
,"C:\\projects\\Khata\\app\\(tabs)\\_layout.tsx": {"path":"C:\\projects\\Khata\\app\\(tabs)\\_layout.tsx","statementMap":{"0":{"start":{"line":6,"column":2},"end":{"line":76,"column":4}},"1":{"start":{"line":40,"column":37},"end":{"line":40,"column":77}},"2":{"start":{"line":42,"column":12},"end":{"line":47,"column":31}},"3":{"start":{"line":43,"column":29},"end":{"line":43,"column":53}},"4":{"start":{"line":56,"column":37},"end":{"line":56,"column":77}},"5":{"start":{"line":58,"column":12},"end":{"line":63,"column":31}},"6":{"start":{"line":59,"column":29},"end":{"line":59,"column":57}},"7":{"start":{"line":72,"column":37},"end":{"line":72,"column":77}}},"fnMap":{"0":{"name":"TabLayout","decl":{"start":{"line":5,"column":24},"end":{"line":5,"column":33}},"loc":{"start":{"line":5,"column":36},"end":{"line":77,"column":1}},"line":5},"1":{"name":"(anonymous_1)","decl":{"start":{"line":40,"column":22},"end":{"line":40,"column":23}},"loc":{"start":{"line":40,"column":37},"end":{"line":40,"column":77}},"line":40},"2":{"name":"(anonymous_2)","decl":{"start":{"line":41,"column":23},"end":{"line":41,"column":24}},"loc":{"start":{"line":42,"column":12},"end":{"line":47,"column":31}},"line":42},"3":{"name":"(anonymous_3)","decl":{"start":{"line":43,"column":23},"end":{"line":43,"column":24}},"loc":{"start":{"line":43,"column":29},"end":{"line":43,"column":53}},"line":43},"4":{"name":"(anonymous_4)","decl":{"start":{"line":56,"column":22},"end":{"line":56,"column":23}},"loc":{"start":{"line":56,"column":37},"end":{"line":56,"column":77}},"line":56},"5":{"name":"(anonymous_5)","decl":{"start":{"line":57,"column":23},"end":{"line":57,"column":24}},"loc":{"start":{"line":58,"column":12},"end":{"line":63,"column":31}},"line":58},"6":{"name":"(anonymous_6)","decl":{"start":{"line":59,"column":23},"end":{"line":59,"column":24}},"loc":{"start":{"line":59,"column":29},"end":{"line":59,"column":57}},"line":59},"7":{"name":"(anonymous_7)","decl":{"start":{"line":72,"column":22},"end":{"line":72,"column":23}},"loc":{"start":{"line":72,"column":37},"end":{"line":72,"column":77}},"line":72}},"branchMap":{},"s":{"0":0,"1":0,"2":0,"3":0,"4":0,"5":0,"6":0,"7":0},"f":{"0":0,"1":0,"2":0,"3":0,"4":0,"5":0,"6":0,"7":0},"b":{}}
,"C:\\projects\\Khata\\app\\(tabs)\\analytics.tsx": {"path":"C:\\projects\\Khata\\app\\(tabs)\\analytics.tsx","statementMap":{"0":{"start":{"line":15,"column":19},"end":{"line":15,"column":33}},"1":{"start":{"line":16,"column":43},"end":{"line":18,"column":3}},"2":{"start":{"line":19,"column":57},"end":{"line":21,"column":3}},"3":{"start":{"line":23,"column":2},"end":{"line":25,"column":3}},"4":{"start":{"line":24,"column":4},"end":{"line":24,"column":54}},"5":{"start":{"line":27,"column":2},"end":{"line":152,"column":4}},"6":{"start":{"line":65,"column":14},"end":{"line":78,"column":21}},"7":{"start":{"line":89,"column":14},"end":{"line":122,"column":21}},"8":{"start":{"line":155,"column":15},"end":{"line":312,"column":2}}},"fnMap":{"0":{"name":"AnalyticsTab","decl":{"start":{"line":14,"column":24},"end":{"line":14,"column":36}},"loc":{"start":{"line":14,"column":39},"end":{"line":153,"column":1}},"line":14},"1":{"name":"(anonymous_1)","decl":{"start":{"line":64,"column":34},"end":{"line":64,"column":35}},"loc":{"start":{"line":65,"column":14},"end":{"line":78,"column":21}},"line":65},"2":{"name":"(anonymous_2)","decl":{"start":{"line":88,"column":54},"end":{"line":88,"column":55}},"loc":{"start":{"line":89,"column":14},"end":{"line":122,"column":21}},"line":89}},"branchMap":{"0":{"loc":{"start":{"line":17,"column":4},"end":{"line":17,"column":22}},"type":"binary-expr","locations":[{"start":{"line":17,"column":4},"end":{"line":17,"column":16}},{"start":{"line":17,"column":20},"end":{"line":17,"column":22}}],"line":17},"1":{"loc":{"start":{"line":20,"column":4},"end":{"line":20,"column":22}},"type":"binary-expr","locations":[{"start":{"line":20,"column":4},"end":{"line":20,"column":16}},{"start":{"line":20,"column":20},"end":{"line":20,"column":22}}],"line":20},"2":{"loc":{"start":{"line":23,"column":2},"end":{"line":25,"column":3}},"type":"if","locations":[{"start":{"line":23,"column":2},"end":{"line":25,"column":3}},{"start":{},"end":{}}],"line":23},"3":{"loc":{"start":{"line":41,"column":32},"end":{"line":41,"column":60}},"type":"binary-expr","locations":[{"start":{"line":41,"column":32},"end":{"line":41,"column":55}},{"start":{"line":41,"column":59},"end":{"line":41,"column":60}}],"line":41},"4":{"loc":{"start":{"line":47,"column":46},"end":{"line":47,"column":72}},"type":"binary-expr","locations":[{"start":{"line":47,"column":46},"end":{"line":47,"column":67}},{"start":{"line":47,"column":71},"end":{"line":47,"column":72}}],"line":47},"5":{"loc":{"start":{"line":53,"column":17},"end":{"line":53,"column":42}},"type":"binary-expr","locations":[{"start":{"line":53,"column":17},"end":{"line":53,"column":37}},{"start":{"line":53,"column":41},"end":{"line":53,"column":42}}],"line":53},"6":{"loc":{"start":{"line":60,"column":9},"end":{"line":81,"column":9}},"type":"binary-expr","locations":[{"start":{"line":60,"column":9},"end":{"line":60,"column":26}},{"start":{"line":60,"column":30},"end":{"line":60,"column":57}},{"start":{"line":61,"column":10},"end":{"line":80,"column":17}}],"line":60},"7":{"loc":{"start":{"line":84,"column":9},"end":{"line":125,"column":9}},"type":"binary-expr","locations":[{"start":{"line":84,"column":9},"end":{"line":84,"column":34}},{"start":{"line":84,"column":38},"end":{"line":84,"column":73}},{"start":{"line":85,"column":10},"end":{"line":124,"column":17}}],"line":84},"8":{"loc":{"start":{"line":95,"column":24},"end":{"line":95,"column":69}},"type":"cond-expr","locations":[{"start":{"line":95,"column":48},"end":{"line":95,"column":57}},{"start":{"line":95,"column":60},"end":{"line":95,"column":69}}],"line":95},"9":{"loc":{"start":{"line":100,"column":21},"end":{"line":100,"column":54}},"type":"cond-expr","locations":[{"start":{"line":100,"column":45},"end":{"line":100,"column":48}},{"start":{"line":100,"column":51},"end":{"line":100,"column":54}}],"line":100},"10":{"loc":{"start":{"line":105,"column":21},"end":{"line":105,"column":64}},"type":"cond-expr","locations":[{"start":{"line":105,"column":45},"end":{"line":105,"column":52}},{"start":{"line":105,"column":55},"end":{"line":105,"column":64}}],"line":105},"11":{"loc":{"start":{"line":115,"column":29},"end":{"line":115,"column":74}},"type":"cond-expr","locations":[{"start":{"line":115,"column":53},"end":{"line":115,"column":62}},{"start":{"line":115,"column":65},"end":{"line":115,"column":74}}],"line":115},"12":{"loc":{"start":{"line":119,"column":19},"end":{"line":119,"column":52}},"type":"cond-expr","locations":[{"start":{"line":119,"column":43},"end":{"line":119,"column":46}},{"start":{"line":119,"column":49},"end":{"line":119,"column":52}}],"line":119},"13":{"loc":{"start":{"line":134,"column":15},"end":{"line":136,"column":96}},"type":"cond-expr","locations":[{"start":{"line":135,"column":18},"end":{"line":135,"column":68}},{"start":{"line":136,"column":18},"end":{"line":136,"column":96}}],"line":134},"14":{"loc":{"start":{"line":140,"column":11},"end":{"line":148,"column":11}},"type":"binary-expr","locations":[{"start":{"line":140,"column":11},"end":{"line":140,"column":16}},{"start":{"line":140,"column":20},"end":{"line":140,"column":46}},{"start":{"line":141,"column":12},"end":{"line":147,"column":19}}],"line":140}},"s":{"0":0,"1":0,"2":0,"3":0,"4":0,"5":0,"6":0,"7":0,"8":0},"f":{"0":0,"1":0,"2":0},"b":{"0":[0,0],"1":[0,0],"2":[0,0],"3":[0,0],"4":[0,0],"5":[0,0],"6":[0,0,0],"7":[0,0,0],"8":[0,0],"9":[0,0],"10":[0,0],"11":[0,0],"12":[0,0],"13":[0,0],"14":[0,0,0]}}
,"C:\\projects\\Khata\\app\\(tabs)\\customers.tsx": {"path":"C:\\projects\\Khata\\app\\(tabs)\\customers.tsx","statementMap":{"0":{"start":{"line":21,"column":19},"end":{"line":21,"column":33}},"1":{"start":{"line":22,"column":51},"end":{"line":22,"column":86}},"2":{"start":{"line":23,"column":55},"end":{"line":25,"column":3}},"3":{"start":{"line":26,"column":50},"end":{"line":26,"column":64}},"4":{"start":{"line":27,"column":48},"end":{"line":29,"column":10}},"5":{"start":{"line":31,"column":28},"end":{"line":39,"column":76}},"6":{"start":{"line":32,"column":19},"end":{"line":32,"column":58}},"7":{"start":{"line":34,"column":4},"end":{"line":36,"column":5}},"8":{"start":{"line":35,"column":6},"end":{"line":35,"column":77}},"9":{"start":{"line":35,"column":40},"end":{"line":35,"column":75}},"10":{"start":{"line":38,"column":4},"end":{"line":38,"column":58}},"11":{"start":{"line":38,"column":35},"end":{"line":38,"column":56}},"12":{"start":{"line":41,"column":23},"end":{"line":50,"column":3}},"13":{"start":{"line":42,"column":4},"end":{"line":49,"column":5}},"14":{"start":{"line":44,"column":8},"end":{"line":44,"column":25}},"15":{"start":{"line":46,"column":8},"end":{"line":46,"column":25}},"16":{"start":{"line":48,"column":8},"end":{"line":48,"column":25}},"17":{"start":{"line":52,"column":22},"end":{"line":61,"column":3}},"18":{"start":{"line":53,"column":4},"end":{"line":60,"column":5}},"19":{"start":{"line":55,"column":8},"end":{"line":55,"column":20}},"20":{"start":{"line":57,"column":8},"end":{"line":57,"column":20}},"21":{"start":{"line":59,"column":8},"end":{"line":59,"column":20}},"22":{"start":{"line":63,"column":31},"end":{"line":79,"column":3}},"23":{"start":{"line":64,"column":4},"end":{"line":78,"column":7}},"24":{"start":{"line":70,"column":10},"end":{"line":75,"column":11}},"25":{"start":{"line":71,"column":12},"end":{"line":71,"column":61}},"26":{"start":{"line":72,"column":12},"end":{"line":72,"column":68}},"27":{"start":{"line":74,"column":12},"end":{"line":74,"column":62}},"28":{"start":{"line":81,"column":2},"end":{"line":83,"column":3}},"29":{"start":{"line":82,"column":4},"end":{"line":82,"column":54}},"30":{"start":{"line":85,"column":2},"end":{"line":182,"column":4}},"31":{"start":{"line":89,"column":32},"end":{"line":89,"column":39}},"32":{"start":{"line":97,"column":16},"end":{"line":115,"column":35}},"33":{"start":{"line":103,"column":33},"end":{"line":103,"column":58}},"34":{"start":{"line":127,"column":10},"end":{"line":165,"column":29}},"35":{"start":{"line":130,"column":14},"end":{"line":133,"column":16}},"36":{"start":{"line":135,"column":31},"end":{"line":135,"column":79}},"37":{"start":{"line":185,"column":15},"end":{"line":278,"column":2}}},"fnMap":{"0":{"name":"CustomersTab","decl":{"start":{"line":20,"column":24},"end":{"line":20,"column":36}},"loc":{"start":{"line":20,"column":39},"end":{"line":183,"column":1}},"line":20},"1":{"name":"(anonymous_1)","decl":{"start":{"line":31,"column":36},"end":{"line":31,"column":37}},"loc":{"start":{"line":31,"column":42},"end":{"line":39,"column":3}},"line":31},"2":{"name":"(anonymous_2)","decl":{"start":{"line":35,"column":33},"end":{"line":35,"column":34}},"loc":{"start":{"line":35,"column":40},"end":{"line":35,"column":75}},"line":35},"3":{"name":"(anonymous_3)","decl":{"start":{"line":38,"column":25},"end":{"line":38,"column":26}},"loc":{"start":{"line":38,"column":35},"end":{"line":38,"column":56}},"line":38},"4":{"name":"(anonymous_4)","decl":{"start":{"line":41,"column":23},"end":{"line":41,"column":24}},"loc":{"start":{"line":41,"column":61},"end":{"line":50,"column":3}},"line":41},"5":{"name":"(anonymous_5)","decl":{"start":{"line":52,"column":22},"end":{"line":52,"column":23}},"loc":{"start":{"line":52,"column":60},"end":{"line":61,"column":3}},"line":52},"6":{"name":"(anonymous_6)","decl":{"start":{"line":63,"column":31},"end":{"line":63,"column":32}},"loc":{"start":{"line":63,"column":75},"end":{"line":79,"column":3}},"line":63},"7":{"name":"(anonymous_7)","decl":{"start":{"line":69,"column":17},"end":{"line":69,"column":18}},"loc":{"start":{"line":69,"column":29},"end":{"line":76,"column":9}},"line":69},"8":{"name":"(anonymous_8)","decl":{"start":{"line":89,"column":22},"end":{"line":89,"column":23}},"loc":{"start":{"line":89,"column":32},"end":{"line":89,"column":39}},"line":89},"9":{"name":"(anonymous_9)","decl":{"start":{"line":96,"column":63},"end":{"line":96,"column":64}},"loc":{"start":{"line":97,"column":16},"end":{"line":115,"column":35}},"line":97},"10":{"name":"(anonymous_10)","decl":{"start":{"line":103,"column":27},"end":{"line":103,"column":28}},"loc":{"start":{"line":103,"column":33},"end":{"line":103,"column":58}},"line":103},"11":{"name":"(anonymous_11)","decl":{"start":{"line":126,"column":20},"end":{"line":126,"column":21}},"loc":{"start":{"line":127,"column":10},"end":{"line":165,"column":29}},"line":127},"12":{"name":"(anonymous_12)","decl":{"start":{"line":129,"column":21},"end":{"line":129,"column":22}},"loc":{"start":{"line":130,"column":14},"end":{"line":133,"column":16}},"line":130},"13":{"name":"(anonymous_13)","decl":{"start":{"line":135,"column":25},"end":{"line":135,"column":26}},"loc":{"start":{"line":135,"column":31},"end":{"line":135,"column":79}},"line":135}},"branchMap":{"0":{"loc":{"start":{"line":22,"column":67},"end":{"line":22,"column":85}},"type":"binary-expr","locations":[{"start":{"line":22,"column":67},"end":{"line":22,"column":79}},{"start":{"line":22,"column":83},"end":{"line":22,"column":85}}],"line":22},"1":{"loc":{"start":{"line":24,"column":4},"end":{"line":24,"column":22}},"type":"binary-expr","locations":[{"start":{"line":24,"column":4},"end":{"line":24,"column":16}},{"start":{"line":24,"column":20},"end":{"line":24,"column":22}}],"line":24},"2":{"loc":{"start":{"line":32,"column":19},"end":{"line":32,"column":58}},"type":"cond-expr","locations":[{"start":{"line":32,"column":33},"end":{"line":32,"column":46}},{"start":{"line":32,"column":49},"end":{"line":32,"column":58}}],"line":32},"3":{"loc":{"start":{"line":34,"column":4},"end":{"line":36,"column":5}},"type":"if","locations":[{"start":{"line":34,"column":4},"end":{"line":36,"column":5}},{"start":{},"end":{}}],"line":34},"4":{"loc":{"start":{"line":42,"column":4},"end":{"line":49,"column":5}},"type":"switch","locations":[{"start":{"line":43,"column":6},"end":{"line":44,"column":25}},{"start":{"line":45,"column":6},"end":{"line":46,"column":25}},{"start":{"line":47,"column":6},"end":{"line":48,"column":25}}],"line":42},"5":{"loc":{"start":{"line":53,"column":4},"end":{"line":60,"column":5}},"type":"switch","locations":[{"start":{"line":54,"column":6},"end":{"line":55,"column":20}},{"start":{"line":56,"column":6},"end":{"line":57,"column":20}},{"start":{"line":58,"column":6},"end":{"line":59,"column":20}}],"line":53},"6":{"loc":{"start":{"line":81,"column":2},"end":{"line":83,"column":3}},"type":"if","locations":[{"start":{"line":81,"column":2},"end":{"line":83,"column":3}},{"start":{},"end":{}}],"line":81},"7":{"loc":{"start":{"line":101,"column":20},"end":{"line":101,"column":71}},"type":"binary-expr","locations":[{"start":{"line":101,"column":20},"end":{"line":101,"column":45}},{"start":{"line":101,"column":49},"end":{"line":101,"column":71}}],"line":101},"8":{"loc":{"start":{"line":108,"column":22},"end":{"line":108,"column":77}},"type":"binary-expr","locations":[{"start":{"line":108,"column":22},"end":{"line":108,"column":47}},{"start":{"line":108,"column":51},"end":{"line":108,"column":77}}],"line":108},"9":{"loc":{"start":{"line":111,"column":21},"end":{"line":113,"column":70}},"type":"cond-expr","locations":[{"start":{"line":112,"column":24},"end":{"line":112,"column":29}},{"start":{"line":113,"column":24},"end":{"line":113,"column":70}}],"line":111},"10":{"loc":{"start":{"line":119,"column":13},"end":{"line":123,"column":13}},"type":"binary-expr","locations":[{"start":{"line":119,"column":13},"end":{"line":119,"column":41}},{"start":{"line":120,"column":14},"end":{"line":122,"column":21}}],"line":119},"11":{"loc":{"start":{"line":159,"column":27},"end":{"line":159,"column":71}},"type":"cond-expr","locations":[{"start":{"line":159,"column":50},"end":{"line":159,"column":59}},{"start":{"line":159,"column":62},"end":{"line":159,"column":71}}],"line":159},"12":{"loc":{"start":{"line":172,"column":14},"end":{"line":174,"column":58}},"type":"cond-expr","locations":[{"start":{"line":173,"column":18},"end":{"line":173,"column":42}},{"start":{"line":174,"column":18},"end":{"line":174,"column":58}}],"line":172}},"s":{"0":0,"1":0,"2":0,"3":0,"4":0,"5":0,"6":0,"7":0,"8":0,"9":0,"10":0,"11":0,"12":0,"13":0,"14":0,"15":0,"16":0,"17":0,"18":0,"19":0,"20":0,"21":0,"22":0,"23":0,"24":0,"25":0,"26":0,"27":0,"28":0,"29":0,"30":0,"31":0,"32":0,"33":0,"34":0,"35":0,"36":0,"37":0},"f":{"0":0,"1":0,"2":0,"3":0,"4":0,"5":0,"6":0,"7":0,"8":0,"9":0,"10":0,"11":0,"12":0,"13":0},"b":{"0":[0,0],"1":[0,0],"2":[0,0],"3":[0,0],"4":[0,0,0],"5":[0,0,0],"6":[0,0],"7":[0,0],"8":[0,0],"9":[0,0],"10":[0,0],"11":[0,0],"12":[0,0]}}
,"C:\\projects\\Khata\\app\\(tabs)\\dashboard.tsx": {"path":"C:\\projects\\Khata\\app\\(tabs)\\dashboard.tsx","statementMap":{"0":{"start":{"line":5,"column":2},"end":{"line":16,"column":4}},"1":{"start":{"line":7,"column":35},"end":{"line":7,"column":67}},"2":{"start":{"line":8,"column":37},"end":{"line":8,"column":65}},"3":{"start":{"line":10,"column":8},"end":{"line":13,"column":11}}},"fnMap":{"0":{"name":"DashboardTab","decl":{"start":{"line":4,"column":24},"end":{"line":4,"column":36}},"loc":{"start":{"line":4,"column":39},"end":{"line":17,"column":1}},"line":4},"1":{"name":"(anonymous_1)","decl":{"start":{"line":7,"column":29},"end":{"line":7,"column":30}},"loc":{"start":{"line":7,"column":35},"end":{"line":7,"column":67}},"line":7},"2":{"name":"(anonymous_2)","decl":{"start":{"line":8,"column":31},"end":{"line":8,"column":32}},"loc":{"start":{"line":8,"column":37},"end":{"line":8,"column":65}},"line":8},"3":{"name":"(anonymous_3)","decl":{"start":{"line":9,"column":34},"end":{"line":9,"column":35}},"loc":{"start":{"line":9,"column":48},"end":{"line":14,"column":7}},"line":9}},"branchMap":{},"s":{"0":0,"1":0,"2":0,"3":0},"f":{"0":0,"1":0,"2":0,"3":0},"b":{}}
,"C:\\projects\\Khata\\app\\(tabs)\\explore.tsx": {"path":"C:\\projects\\Khata\\app\\(tabs)\\explore.tsx","statementMap":{"0":{"start":{"line":13,"column":2},"end":{"line":98,"column":4}},"1":{"start":{"line":101,"column":15},"end":{"line":112,"column":2}}},"fnMap":{"0":{"name":"TabTwoScreen","decl":{"start":{"line":12,"column":24},"end":{"line":12,"column":36}},"loc":{"start":{"line":12,"column":39},"end":{"line":99,"column":1}},"line":12}},"branchMap":{},"s":{"0":0,"1":0},"f":{"0":0},"b":{}}
,"C:\\projects\\Khata\\app\\(tabs)\\index.tsx": {"path":"C:\\projects\\Khata\\app\\(tabs)\\index.tsx","statementMap":{"0":{"start":{"line":11,"column":2},"end":{"line":78,"column":4}},"1":{"start":{"line":46,"column":71},"end":{"line":46,"column":94}},"2":{"start":{"line":50,"column":29},"end":{"line":50,"column":51}},"3":{"start":{"line":57,"column":31},"end":{"line":57,"column":54}},"4":{"start":{"line":81,"column":15},"end":{"line":98,"column":2}}},"fnMap":{"0":{"name":"HomeScreen","decl":{"start":{"line":10,"column":24},"end":{"line":10,"column":34}},"loc":{"start":{"line":10,"column":37},"end":{"line":79,"column":1}},"line":10},"1":{"name":"(anonymous_1)","decl":{"start":{"line":46,"column":65},"end":{"line":46,"column":66}},"loc":{"start":{"line":46,"column":71},"end":{"line":46,"column":94}},"line":46},"2":{"name":"(anonymous_2)","decl":{"start":{"line":50,"column":23},"end":{"line":50,"column":24}},"loc":{"start":{"line":50,"column":29},"end":{"line":50,"column":51}},"line":50},"3":{"name":"(anonymous_3)","decl":{"start":{"line":57,"column":25},"end":{"line":57,"column":26}},"loc":{"start":{"line":57,"column":31},"end":{"line":57,"column":54}},"line":57}},"branchMap":{},"s":{"0":0,"1":0,"2":0,"3":0,"4":0},"f":{"0":0,"1":0,"2":0,"3":0},"b":{}}
,"C:\\projects\\Khata\\app\\customer\\[id].tsx": {"path":"C:\\projects\\Khata\\app\\customer\\[id].tsx","statementMap":{"0":{"start":{"line":11,"column":17},"end":{"line":11,"column":39}},"1":{"start":{"line":12,"column":30},"end":{"line":14,"column":3}},"2":{"start":{"line":15,"column":24},"end":{"line":15,"column":38}},"3":{"start":{"line":17,"column":19},"end":{"line":17,"column":53}},"4":{"start":{"line":17,"column":41},"end":{"line":17,"column":52}},"5":{"start":{"line":19,"column":2},"end":{"line":21,"column":3}},"6":{"start":{"line":20,"column":4},"end":{"line":20,"column":43}},"7":{"start":{"line":23,"column":31},"end":{"line":44,"column":3}},"8":{"start":{"line":24,"column":4},"end":{"line":43,"column":6}},"9":{"start":{"line":33,"column":12},"end":{"line":39,"column":13}},"10":{"start":{"line":34,"column":14},"end":{"line":34,"column":64}},"11":{"start":{"line":35,"column":14},"end":{"line":35,"column":70}},"12":{"start":{"line":36,"column":14},"end":{"line":36,"column":28}},"13":{"start":{"line":38,"column":14},"end":{"line":38,"column":64}},"14":{"start":{"line":46,"column":2},"end":{"line":65,"column":3}},"15":{"start":{"line":47,"column":4},"end":{"line":64,"column":6}},"16":{"start":{"line":53,"column":14},"end":{"line":55,"column":33}},"17":{"start":{"line":53,"column":47},"end":{"line":53,"column":66}},"18":{"start":{"line":61,"column":27},"end":{"line":61,"column":46}},"19":{"start":{"line":67,"column":2},"end":{"line":87,"column":3}},"20":{"start":{"line":68,"column":4},"end":{"line":86,"column":6}},"21":{"start":{"line":74,"column":14},"end":{"line":76,"column":33}},"22":{"start":{"line":74,"column":47},"end":{"line":74,"column":66}},"23":{"start":{"line":83,"column":27},"end":{"line":83,"column":46}},"24":{"start":{"line":89,"column":2},"end":{"line":108,"column":4}},"25":{"start":{"line":95,"column":12},"end":{"line":97,"column":31}},"26":{"start":{"line":95,"column":45},"end":{"line":95,"column":58}},"27":{"start":{"line":103,"column":27},"end":{"line":103,"column":44}},"28":{"start":{"line":104,"column":34},"end":{"line":104,"column":58}},"29":{"start":{"line":111,"column":15},"end":{"line":117,"column":2}}},"fnMap":{"0":{"name":"CustomerDetailPage","decl":{"start":{"line":10,"column":24},"end":{"line":10,"column":42}},"loc":{"start":{"line":10,"column":45},"end":{"line":109,"column":1}},"line":10},"1":{"name":"(anonymous_1)","decl":{"start":{"line":17,"column":34},"end":{"line":17,"column":35}},"loc":{"start":{"line":17,"column":41},"end":{"line":17,"column":52}},"line":17},"2":{"name":"(anonymous_2)","decl":{"start":{"line":23,"column":31},"end":{"line":23,"column":32}},"loc":{"start":{"line":23,"column":37},"end":{"line":44,"column":3}},"line":23},"3":{"name":"(anonymous_3)","decl":{"start":{"line":32,"column":19},"end":{"line":32,"column":20}},"loc":{"start":{"line":32,"column":31},"end":{"line":40,"column":11}},"line":32},"4":{"name":"(anonymous_4)","decl":{"start":{"line":52,"column":24},"end":{"line":52,"column":25}},"loc":{"start":{"line":53,"column":14},"end":{"line":55,"column":33}},"line":53},"5":{"name":"(anonymous_5)","decl":{"start":{"line":53,"column":41},"end":{"line":53,"column":42}},"loc":{"start":{"line":53,"column":47},"end":{"line":53,"column":66}},"line":53},"6":{"name":"(anonymous_6)","decl":{"start":{"line":61,"column":21},"end":{"line":61,"column":22}},"loc":{"start":{"line":61,"column":27},"end":{"line":61,"column":46}},"line":61},"7":{"name":"(anonymous_7)","decl":{"start":{"line":73,"column":24},"end":{"line":73,"column":25}},"loc":{"start":{"line":74,"column":14},"end":{"line":76,"column":33}},"line":74},"8":{"name":"(anonymous_8)","decl":{"start":{"line":74,"column":41},"end":{"line":74,"column":42}},"loc":{"start":{"line":74,"column":47},"end":{"line":74,"column":66}},"line":74},"9":{"name":"(anonymous_9)","decl":{"start":{"line":83,"column":21},"end":{"line":83,"column":22}},"loc":{"start":{"line":83,"column":27},"end":{"line":83,"column":46}},"line":83},"10":{"name":"(anonymous_10)","decl":{"start":{"line":94,"column":22},"end":{"line":94,"column":23}},"loc":{"start":{"line":95,"column":12},"end":{"line":97,"column":31}},"line":95},"11":{"name":"(anonymous_11)","decl":{"start":{"line":95,"column":39},"end":{"line":95,"column":40}},"loc":{"start":{"line":95,"column":45},"end":{"line":95,"column":58}},"line":95},"12":{"name":"(anonymous_12)","decl":{"start":{"line":103,"column":21},"end":{"line":103,"column":22}},"loc":{"start":{"line":103,"column":27},"end":{"line":103,"column":44}},"line":103},"13":{"name":"(anonymous_13)","decl":{"start":{"line":104,"column":28},"end":{"line":104,"column":29}},"loc":{"start":{"line":104,"column":34},"end":{"line":104,"column":58}},"line":104}},"branchMap":{"0":{"loc":{"start":{"line":19,"column":2},"end":{"line":21,"column":3}},"type":"if","locations":[{"start":{"line":19,"column":2},"end":{"line":21,"column":3}},{"start":{},"end":{}}],"line":19},"1":{"loc":{"start":{"line":46,"column":2},"end":{"line":65,"column":3}},"type":"if","locations":[{"start":{"line":46,"column":2},"end":{"line":65,"column":3}},{"start":{},"end":{}}],"line":46},"2":{"loc":{"start":{"line":67,"column":2},"end":{"line":87,"column":3}},"type":"if","locations":[{"start":{"line":67,"column":2},"end":{"line":87,"column":3}},{"start":{},"end":{}}],"line":67}},"s":{"0":0,"1":0,"2":0,"3":0,"4":0,"5":0,"6":0,"7":0,"8":0,"9":0,"10":0,"11":0,"12":0,"13":0,"14":0,"15":0,"16":0,"17":0,"18":0,"19":0,"20":0,"21":0,"22":0,"23":0,"24":0,"25":0,"26":0,"27":0,"28":0,"29":0},"f":{"0":0,"1":0,"2":0,"3":0,"4":0,"5":0,"6":0,"7":0,"8":0,"9":0,"10":0,"11":0,"12":0,"13":0},"b":{"0":[0,0],"1":[0,0],"2":[0,0]}}
,"C:\\projects\\Khata\\components\\external-link.tsx": {"path":"C:\\projects\\Khata\\components\\external-link.tsx","statementMap":{"0":{"start":{"line":8,"column":2},"end":{"line":24,"column":4}},"1":{"start":{"line":14,"column":8},"end":{"line":21,"column":9}},"2":{"start":{"line":16,"column":10},"end":{"line":16,"column":33}},"3":{"start":{"line":18,"column":10},"end":{"line":20,"column":13}}},"fnMap":{"0":{"name":"ExternalLink","decl":{"start":{"line":7,"column":16},"end":{"line":7,"column":28}},"loc":{"start":{"line":7,"column":55},"end":{"line":25,"column":1}},"line":7},"1":{"name":"(anonymous_1)","decl":{"start":{"line":13,"column":15},"end":{"line":13,"column":16}},"loc":{"start":{"line":13,"column":32},"end":{"line":22,"column":7}},"line":13}},"branchMap":{"0":{"loc":{"start":{"line":14,"column":8},"end":{"line":21,"column":9}},"type":"if","locations":[{"start":{"line":14,"column":8},"end":{"line":21,"column":9}},{"start":{},"end":{}}],"line":14}},"s":{"0":0,"1":0,"2":0,"3":0},"f":{"0":0,"1":0},"b":{"0":[0,0]}}
,"C:\\projects\\Khata\\components\\haptic-tab.tsx": {"path":"C:\\projects\\Khata\\components\\haptic-tab.tsx","statementMap":{"0":{"start":{"line":6,"column":2},"end":{"line":17,"column":4}},"1":{"start":{"line":10,"column":8},"end":{"line":13,"column":9}},"2":{"start":{"line":12,"column":10},"end":{"line":12,"column":65}},"3":{"start":{"line":14,"column":8},"end":{"line":14,"column":30}}},"fnMap":{"0":{"name":"HapticTab","decl":{"start":{"line":5,"column":16},"end":{"line":5,"column":25}},"loc":{"start":{"line":5,"column":58},"end":{"line":18,"column":1}},"line":5},"1":{"name":"(anonymous_1)","decl":{"start":{"line":9,"column":17},"end":{"line":9,"column":18}},"loc":{"start":{"line":9,"column":25},"end":{"line":15,"column":7}},"line":9}},"branchMap":{"0":{"loc":{"start":{"line":10,"column":8},"end":{"line":13,"column":9}},"type":"if","locations":[{"start":{"line":10,"column":8},"end":{"line":13,"column":9}},{"start":{},"end":{}}],"line":10}},"s":{"0":0,"1":0,"2":0,"3":0},"f":{"0":0,"1":0},"b":{"0":[0,0]}}
,"C:\\projects\\Khata\\components\\hello-wave.tsx": {"path":"C:\\projects\\Khata\\components\\hello-wave.tsx","statementMap":{"0":{"start":{"line":4,"column":2},"end":{"line":18,"column":4}}},"fnMap":{"0":{"name":"HelloWave","decl":{"start":{"line":3,"column":16},"end":{"line":3,"column":25}},"loc":{"start":{"line":3,"column":28},"end":{"line":19,"column":1}},"line":3}},"branchMap":{},"s":{"0":0},"f":{"0":0},"b":{}}
,"C:\\projects\\Khata\\components\\parallax-scroll-view.tsx": {"path":"C:\\projects\\Khata\\components\\parallax-scroll-view.tsx","statementMap":{"0":{"start":{"line":14,"column":22},"end":{"line":14,"column":25}},"1":{"start":{"line":26,"column":26},"end":{"line":26,"column":57}},"2":{"start":{"line":27,"column":22},"end":{"line":27,"column":49}},"3":{"start":{"line":28,"column":20},"end":{"line":28,"column":57}},"4":{"start":{"line":29,"column":23},"end":{"line":29,"column":49}},"5":{"start":{"line":30,"column":30},"end":{"line":45,"column":4}},"6":{"start":{"line":31,"column":4},"end":{"line":44,"column":6}},"7":{"start":{"line":47,"column":2},"end":{"line":62,"column":4}},"8":{"start":{"line":65,"column":15},"end":{"line":79,"column":2}}},"fnMap":{"0":{"name":"ParallaxScrollView","decl":{"start":{"line":21,"column":24},"end":{"line":21,"column":42}},"loc":{"start":{"line":25,"column":10},"end":{"line":63,"column":1}},"line":25},"1":{"name":"(anonymous_1)","decl":{"start":{"line":30,"column":47},"end":{"line":30,"column":48}},"loc":{"start":{"line":30,"column":53},"end":{"line":45,"column":3}},"line":30}},"branchMap":{"0":{"loc":{"start":{"line":27,"column":22},"end":{"line":27,"column":49}},"type":"binary-expr","locations":[{"start":{"line":27,"column":22},"end":{"line":27,"column":38}},{"start":{"line":27,"column":42},"end":{"line":27,"column":49}}],"line":27}},"s":{"0":0,"1":0,"2":0,"3":0,"4":0,"5":0,"6":0,"7":0,"8":0},"f":{"0":0,"1":0},"b":{"0":[0,0]}}
,"C:\\projects\\Khata\\components\\themed-text.tsx": {"path":"C:\\projects\\Khata\\components\\themed-text.tsx","statementMap":{"0":{"start":{"line":18,"column":16},"end":{"line":18,"column":77}},"1":{"start":{"line":20,"column":2},"end":{"line":33,"column":4}},"2":{"start":{"line":36,"column":15},"end":{"line":60,"column":2}}},"fnMap":{"0":{"name":"ThemedText","decl":{"start":{"line":11,"column":16},"end":{"line":11,"column":26}},"loc":{"start":{"line":17,"column":20},"end":{"line":34,"column":1}},"line":17}},"branchMap":{"0":{"loc":{"start":{"line":15,"column":2},"end":{"line":15,"column":18}},"type":"default-arg","locations":[{"start":{"line":15,"column":9},"end":{"line":15,"column":18}}],"line":15},"1":{"loc":{"start":{"line":24,"column":8},"end":{"line":24,"column":55}},"type":"cond-expr","locations":[{"start":{"line":24,"column":29},"end":{"line":24,"column":43}},{"start":{"line":24,"column":46},"end":{"line":24,"column":55}}],"line":24},"2":{"loc":{"start":{"line":25,"column":8},"end":{"line":25,"column":51}},"type":"cond-expr","locations":[{"start":{"line":25,"column":27},"end":{"line":25,"column":39}},{"start":{"line":25,"column":42},"end":{"line":25,"column":51}}],"line":25},"3":{"loc":{"start":{"line":26,"column":8},"end":{"line":26,"column":71}},"type":"cond-expr","locations":[{"start":{"line":26,"column":37},"end":{"line":26,"column":59}},{"start":{"line":26,"column":62},"end":{"line":26,"column":71}}],"line":26},"4":{"loc":{"start":{"line":27,"column":8},"end":{"line":27,"column":57}},"type":"cond-expr","locations":[{"start":{"line":27,"column":30},"end":{"line":27,"column":45}},{"start":{"line":27,"column":48},"end":{"line":27,"column":57}}],"line":27},"5":{"loc":{"start":{"line":28,"column":8},"end":{"line":28,"column":49}},"type":"cond-expr","locations":[{"start":{"line":28,"column":26},"end":{"line":28,"column":37}},{"start":{"line":28,"column":40},"end":{"line":28,"column":49}}],"line":28}},"s":{"0":0,"1":0,"2":0},"f":{"0":0},"b":{"0":[0],"1":[0,0],"2":[0,0],"3":[0,0],"4":[0,0],"5":[0,0]}}
,"C:\\projects\\Khata\\components\\themed-view.tsx": {"path":"C:\\projects\\Khata\\components\\themed-view.tsx","statementMap":{"0":{"start":{"line":11,"column":26},"end":{"line":11,"column":93}},"1":{"start":{"line":13,"column":2},"end":{"line":13,"column":71}}},"fnMap":{"0":{"name":"ThemedView","decl":{"start":{"line":10,"column":16},"end":{"line":10,"column":26}},"loc":{"start":{"line":10,"column":93},"end":{"line":14,"column":1}},"line":10}},"branchMap":{},"s":{"0":0,"1":0},"f":{"0":0},"b":{}}
,"C:\\projects\\Khata\\components\\ui\\Button.tsx": {"path":"C:\\projects\\Khata\\components\\ui\\Button.tsx","statementMap":{"0":{"start":{"line":19,"column":45},"end":{"line":110,"column":1}},"1":{"start":{"line":27,"column":16},"end":{"line":27,"column":33}},"2":{"start":{"line":29,"column":24},"end":{"line":35,"column":3}},"3":{"start":{"line":30,"column":4},"end":{"line":34,"column":7}},"4":{"start":{"line":37,"column":25},"end":{"line":43,"column":3}},"5":{"start":{"line":38,"column":4},"end":{"line":42,"column":7}},"6":{"start":{"line":45,"column":24},"end":{"line":47,"column":5}},"7":{"start":{"line":45,"column":48},"end":{"line":47,"column":3}},"8":{"start":{"line":49,"column":26},"end":{"line":62,"column":3}},"9":{"start":{"line":50,"column":4},"end":{"line":61,"column":5}},"10":{"start":{"line":52,"column":8},"end":{"line":52,"column":36}},"11":{"start":{"line":54,"column":8},"end":{"line":54,"column":38}},"12":{"start":{"line":56,"column":8},"end":{"line":56,"column":36}},"13":{"start":{"line":58,"column":8},"end":{"line":58,"column":35}},"14":{"start":{"line":60,"column":8},"end":{"line":60,"column":36}},"15":{"start":{"line":64,"column":23},"end":{"line":74,"column":3}},"16":{"start":{"line":65,"column":4},"end":{"line":73,"column":5}},"17":{"start":{"line":67,"column":8},"end":{"line":67,"column":28}},"18":{"start":{"line":69,"column":8},"end":{"line":69,"column":28}},"19":{"start":{"line":72,"column":8},"end":{"line":72,"column":29}},"20":{"start":{"line":76,"column":23},"end":{"line":80,"column":3}},"21":{"start":{"line":77,"column":4},"end":{"line":77,"column":48}},"22":{"start":{"line":77,"column":31},"end":{"line":77,"column":48}},"23":{"start":{"line":78,"column":4},"end":{"line":78,"column":47}},"24":{"start":{"line":78,"column":30},"end":{"line":78,"column":47}},"25":{"start":{"line":79,"column":4},"end":{"line":79,"column":21}},"26":{"start":{"line":82,"column":2},"end":{"line":109,"column":4}},"27":{"start":{"line":112,"column":15},"end":{"line":152,"column":2}}},"fnMap":{"0":{"name":"(anonymous_0)","decl":{"start":{"line":19,"column":45},"end":{"line":19,"column":46}},"loc":{"start":{"line":26,"column":6},"end":{"line":110,"column":1}},"line":26},"1":{"name":"(anonymous_1)","decl":{"start":{"line":29,"column":24},"end":{"line":29,"column":25}},"loc":{"start":{"line":29,"column":30},"end":{"line":35,"column":3}},"line":29},"2":{"name":"(anonymous_2)","decl":{"start":{"line":37,"column":25},"end":{"line":37,"column":26}},"loc":{"start":{"line":37,"column":31},"end":{"line":43,"column":3}},"line":37},"3":{"name":"(anonymous_3)","decl":{"start":{"line":45,"column":41},"end":{"line":45,"column":42}},"loc":{"start":{"line":45,"column":48},"end":{"line":47,"column":3}},"line":45},"4":{"name":"(anonymous_4)","decl":{"start":{"line":49,"column":26},"end":{"line":49,"column":27}},"loc":{"start":{"line":49,"column":32},"end":{"line":62,"column":3}},"line":49},"5":{"name":"(anonymous_5)","decl":{"start":{"line":64,"column":23},"end":{"line":64,"column":24}},"loc":{"start":{"line":64,"column":29},"end":{"line":74,"column":3}},"line":64},"6":{"name":"(anonymous_6)","decl":{"start":{"line":76,"column":23},"end":{"line":76,"column":24}},"loc":{"start":{"line":76,"column":29},"end":{"line":80,"column":3}},"line":76}},"branchMap":{"0":{"loc":{"start":{"line":22,"column":2},"end":{"line":22,"column":21}},"type":"default-arg","locations":[{"start":{"line":22,"column":12},"end":{"line":22,"column":21}}],"line":22},"1":{"loc":{"start":{"line":23,"column":2},"end":{"line":23,"column":17}},"type":"default-arg","locations":[{"start":{"line":23,"column":9},"end":{"line":23,"column":17}}],"line":23},"2":{"loc":{"start":{"line":24,"column":2},"end":{"line":24,"column":18}},"type":"default-arg","locations":[{"start":{"line":24,"column":13},"end":{"line":24,"column":18}}],"line":24},"3":{"loc":{"start":{"line":50,"column":4},"end":{"line":61,"column":5}},"type":"switch","locations":[{"start":{"line":51,"column":6},"end":{"line":52,"column":36}},{"start":{"line":53,"column":6},"end":{"line":54,"column":38}},{"start":{"line":55,"column":6},"end":{"line":56,"column":36}},{"start":{"line":57,"column":6},"end":{"line":58,"column":35}},{"start":{"line":59,"column":6},"end":{"line":60,"column":36}}],"line":50},"4":{"loc":{"start":{"line":65,"column":4},"end":{"line":73,"column":5}},"type":"switch","locations":[{"start":{"line":66,"column":6},"end":{"line":67,"column":28}},{"start":{"line":68,"column":6},"end":{"line":69,"column":28}},{"start":{"line":70,"column":6},"end":{"line":70,"column":20}},{"start":{"line":71,"column":6},"end":{"line":72,"column":29}}],"line":65},"5":{"loc":{"start":{"line":77,"column":4},"end":{"line":77,"column":48}},"type":"if","locations":[{"start":{"line":77,"column":4},"end":{"line":77,"column":48}},{"start":{},"end":{}}],"line":77},"6":{"loc":{"start":{"line":78,"column":4},"end":{"line":78,"column":47}},"type":"if","locations":[{"start":{"line":78,"column":4},"end":{"line":78,"column":47}},{"start":{},"end":{}}],"line":78},"7":{"loc":{"start":{"line":89,"column":10},"end":{"line":89,"column":37}},"type":"binary-expr","locations":[{"start":{"line":89,"column":10},"end":{"line":89,"column":18}},{"start":{"line":89,"column":22},"end":{"line":89,"column":37}}],"line":89}},"s":{"0":0,"1":0,"2":0,"3":0,"4":0,"5":0,"6":0,"7":0,"8":0,"9":0,"10":0,"11":0,"12":0,"13":0,"14":0,"15":0,"16":0,"17":0,"18":0,"19":0,"20":0,"21":0,"22":0,"23":0,"24":0,"25":0,"26":0,"27":0},"f":{"0":0,"1":0,"2":0,"3":0,"4":0,"5":0,"6":0},"b":{"0":[0],"1":[0],"2":[0],"3":[0,0,0,0,0],"4":[0,0,0,0],"5":[0,0],"6":[0,0],"7":[0,0]}}
,"C:\\projects\\Khata\\components\\ui\\CustomerCard.tsx": {"path":"C:\\projects\\Khata\\components\\ui\\CustomerCard.tsx","statementMap":{"0":{"start":{"line":15,"column":57},"end":{"line":72,"column":1}},"1":{"start":{"line":20,"column":27},"end":{"line":23,"column":3}},"2":{"start":{"line":21,"column":10},"end":{"line":21,"column":52}},"3":{"start":{"line":25,"column":27},"end":{"line":33,"column":3}},"4":{"start":{"line":26,"column":4},"end":{"line":28,"column":5}},"5":{"start":{"line":27,"column":6},"end":{"line":27,"column":61}},"6":{"start":{"line":29,"column":4},"end":{"line":31,"column":5}},"7":{"start":{"line":30,"column":6},"end":{"line":30,"column":63}},"8":{"start":{"line":32,"column":4},"end":{"line":32,"column":58}},"9":{"start":{"line":35,"column":19},"end":{"line":35,"column":37}},"10":{"start":{"line":37,"column":2},"end":{"line":71,"column":4}},"11":{"start":{"line":74,"column":15},"end":{"line":141,"column":2}}},"fnMap":{"0":{"name":"(anonymous_0)","decl":{"start":{"line":15,"column":57},"end":{"line":15,"column":58}},"loc":{"start":{"line":19,"column":6},"end":{"line":72,"column":1}},"line":19},"1":{"name":"(anonymous_1)","decl":{"start":{"line":21,"column":4},"end":{"line":21,"column":5}},"loc":{"start":{"line":21,"column":10},"end":{"line":21,"column":52}},"line":21},"2":{"name":"(anonymous_2)","decl":{"start":{"line":25,"column":27},"end":{"line":25,"column":28}},"loc":{"start":{"line":25,"column":33},"end":{"line":33,"column":3}},"line":25}},"branchMap":{"0":{"loc":{"start":{"line":18,"column":2},"end":{"line":18,"column":22}},"type":"default-arg","locations":[{"start":{"line":18,"column":18},"end":{"line":18,"column":22}}],"line":18},"1":{"loc":{"start":{"line":26,"column":4},"end":{"line":28,"column":5}},"type":"if","locations":[{"start":{"line":26,"column":4},"end":{"line":28,"column":5}},{"start":{},"end":{}}],"line":26},"2":{"loc":{"start":{"line":26,"column":8},"end":{"line":26,"column":57}},"type":"binary-expr","locations":[{"start":{"line":26,"column":8},"end":{"line":26,"column":29}},{"start":{"line":26,"column":33},"end":{"line":26,"column":57}}],"line":26},"3":{"loc":{"start":{"line":29,"column":4},"end":{"line":31,"column":5}},"type":"if","locations":[{"start":{"line":29,"column":4},"end":{"line":31,"column":5}},{"start":{},"end":{}}],"line":29},"4":{"loc":{"start":{"line":29,"column":8},"end":{"line":29,"column":56}},"type":"binary-expr","locations":[{"start":{"line":29,"column":8},"end":{"line":29,"column":29}},{"start":{"line":29,"column":33},"end":{"line":29,"column":56}}],"line":29},"5":{"loc":{"start":{"line":44,"column":9},"end":{"line":48,"column":9}},"type":"binary-expr","locations":[{"start":{"line":44,"column":9},"end":{"line":44,"column":22}},{"start":{"line":45,"column":10},"end":{"line":47,"column":17}}],"line":44},"6":{"loc":{"start":{"line":59,"column":23},"end":{"line":59,"column":67}},"type":"cond-expr","locations":[{"start":{"line":59,"column":46},"end":{"line":59,"column":55}},{"start":{"line":59,"column":58},"end":{"line":59,"column":67}}],"line":59}},"s":{"0":0,"1":0,"2":0,"3":0,"4":0,"5":0,"6":0,"7":0,"8":0,"9":0,"10":0,"11":0},"f":{"0":0,"1":0,"2":0},"b":{"0":[0],"1":[0,0],"2":[0,0],"3":[0,0],"4":[0,0],"5":[0,0],"6":[0,0]}}
,"C:\\projects\\Khata\\components\\ui\\SearchBar.tsx": {"path":"C:\\projects\\Khata\\components\\ui\\SearchBar.tsx","statementMap":{"0":{"start":{"line":10,"column":51},"end":{"line":32,"column":1}},"1":{"start":{"line":14,"column":42},"end":{"line":14,"column":54}},"2":{"start":{"line":16,"column":27},"end":{"line":19,"column":3}},"3":{"start":{"line":17,"column":4},"end":{"line":17,"column":25}},"4":{"start":{"line":18,"column":4},"end":{"line":18,"column":21}},"5":{"start":{"line":21,"column":2},"end":{"line":31,"column":4}},"6":{"start":{"line":34,"column":15},"end":{"line":52,"column":2}}},"fnMap":{"0":{"name":"(anonymous_0)","decl":{"start":{"line":10,"column":51},"end":{"line":10,"column":52}},"loc":{"start":{"line":13,"column":6},"end":{"line":32,"column":1}},"line":13},"1":{"name":"(anonymous_1)","decl":{"start":{"line":16,"column":27},"end":{"line":16,"column":28}},"loc":{"start":{"line":16,"column":45},"end":{"line":19,"column":3}},"line":16}},"branchMap":{"0":{"loc":{"start":{"line":11,"column":2},"end":{"line":11,"column":37}},"type":"default-arg","locations":[{"start":{"line":11,"column":16},"end":{"line":11,"column":37}}],"line":11}},"s":{"0":0,"1":0,"2":0,"3":0,"4":0,"5":0,"6":0},"f":{"0":0,"1":0},"b":{"0":[0]}}
,"C:\\projects\\Khata\\components\\ui\\StateIndicators.tsx": {"path":"C:\\projects\\Khata\\components\\ui\\StateIndicators.tsx","statementMap":{"0":{"start":{"line":9,"column":47},"end":{"line":19,"column":1}},"1":{"start":{"line":13,"column":2},"end":{"line":18,"column":4}},"2":{"start":{"line":27,"column":53},"end":{"line":39,"column":1}},"3":{"start":{"line":32,"column":2},"end":{"line":38,"column":4}},"4":{"start":{"line":47,"column":53},"end":{"line":59,"column":1}},"5":{"start":{"line":52,"column":2},"end":{"line":58,"column":4}},"6":{"start":{"line":61,"column":15},"end":{"line":118,"column":2}}},"fnMap":{"0":{"name":"(anonymous_0)","decl":{"start":{"line":9,"column":47},"end":{"line":9,"column":48}},"loc":{"start":{"line":12,"column":6},"end":{"line":19,"column":1}},"line":12},"1":{"name":"(anonymous_1)","decl":{"start":{"line":27,"column":53},"end":{"line":27,"column":54}},"loc":{"start":{"line":31,"column":6},"end":{"line":39,"column":1}},"line":31},"2":{"name":"(anonymous_2)","decl":{"start":{"line":47,"column":53},"end":{"line":47,"column":54}},"loc":{"start":{"line":51,"column":6},"end":{"line":59,"column":1}},"line":51}},"branchMap":{"0":{"loc":{"start":{"line":10,"column":2},"end":{"line":10,"column":24}},"type":"default-arg","locations":[{"start":{"line":10,"column":12},"end":{"line":10,"column":24}}],"line":10},"1":{"loc":{"start":{"line":11,"column":2},"end":{"line":11,"column":16}},"type":"default-arg","locations":[{"start":{"line":11,"column":9},"end":{"line":11,"column":16}}],"line":11},"2":{"loc":{"start":{"line":16,"column":7},"end":{"line":16,"column":60}},"type":"binary-expr","locations":[{"start":{"line":16,"column":7},"end":{"line":16,"column":14}},{"start":{"line":16,"column":18},"end":{"line":16,"column":60}}],"line":16},"3":{"loc":{"start":{"line":28,"column":2},"end":{"line":28,"column":13}},"type":"default-arg","locations":[{"start":{"line":28,"column":9},"end":{"line":28,"column":13}}],"line":28},"4":{"loc":{"start":{"line":36,"column":7},"end":{"line":36,"column":71}},"type":"binary-expr","locations":[{"start":{"line":36,"column":7},"end":{"line":36,"column":15}},{"start":{"line":36,"column":19},"end":{"line":36,"column":71}}],"line":36}},"s":{"0":0,"1":0,"2":0,"3":0,"4":0,"5":0,"6":0},"f":{"0":0,"1":0,"2":0},"b":{"0":[0],"1":[0],"2":[0,0],"3":[0],"4":[0,0]}}
,"C:\\projects\\Khata\\components\\ui\\collapsible.tsx": {"path":"C:\\projects\\Khata\\components\\ui\\collapsible.tsx","statementMap":{"0":{"start":{"line":11,"column":30},"end":{"line":11,"column":45}},"1":{"start":{"line":12,"column":16},"end":{"line":12,"column":43}},"2":{"start":{"line":14,"column":2},"end":{"line":32,"column":4}},"3":{"start":{"line":18,"column":23},"end":{"line":18,"column":51}},"4":{"start":{"line":18,"column":44},"end":{"line":18,"column":50}},"5":{"start":{"line":35,"column":15},"end":{"line":45,"column":2}}},"fnMap":{"0":{"name":"Collapsible","decl":{"start":{"line":10,"column":16},"end":{"line":10,"column":27}},"loc":{"start":{"line":10,"column":88},"end":{"line":33,"column":1}},"line":10},"1":{"name":"(anonymous_1)","decl":{"start":{"line":18,"column":17},"end":{"line":18,"column":18}},"loc":{"start":{"line":18,"column":23},"end":{"line":18,"column":51}},"line":18},"2":{"name":"(anonymous_2)","decl":{"start":{"line":18,"column":33},"end":{"line":18,"column":34}},"loc":{"start":{"line":18,"column":44},"end":{"line":18,"column":50}},"line":18}},"branchMap":{"0":{"loc":{"start":{"line":12,"column":16},"end":{"line":12,"column":43}},"type":"binary-expr","locations":[{"start":{"line":12,"column":16},"end":{"line":12,"column":32}},{"start":{"line":12,"column":36},"end":{"line":12,"column":43}}],"line":12},"1":{"loc":{"start":{"line":24,"column":17},"end":{"line":24,"column":73}},"type":"cond-expr","locations":[{"start":{"line":24,"column":37},"end":{"line":24,"column":54}},{"start":{"line":24,"column":57},"end":{"line":24,"column":73}}],"line":24},"2":{"loc":{"start":{"line":25,"column":41},"end":{"line":25,"column":66}},"type":"cond-expr","locations":[{"start":{"line":25,"column":50},"end":{"line":25,"column":57}},{"start":{"line":25,"column":60},"end":{"line":25,"column":66}}],"line":25},"3":{"loc":{"start":{"line":30,"column":7},"end":{"line":30,"column":75}},"type":"binary-expr","locations":[{"start":{"line":30,"column":7},"end":{"line":30,"column":13}},{"start":{"line":30,"column":17},"end":{"line":30,"column":75}}],"line":30}},"s":{"0":0,"1":0,"2":0,"3":0,"4":0,"5":0},"f":{"0":0,"1":0,"2":0},"b":{"0":[0,0],"1":[0,0],"2":[0,0],"3":[0,0]}}
,"C:\\projects\\Khata\\components\\ui\\icon-symbol.ios.tsx": {"path":"C:\\projects\\Khata\\components\\ui\\icon-symbol.ios.tsx","statementMap":{"0":{"start":{"line":17,"column":2},"end":{"line":31,"column":4}}},"fnMap":{"0":{"name":"IconSymbol","decl":{"start":{"line":4,"column":16},"end":{"line":4,"column":26}},"loc":{"start":{"line":16,"column":3},"end":{"line":32,"column":1}},"line":16}},"branchMap":{"0":{"loc":{"start":{"line":6,"column":2},"end":{"line":6,"column":11}},"type":"default-arg","locations":[{"start":{"line":6,"column":9},"end":{"line":6,"column":11}}],"line":6},"1":{"loc":{"start":{"line":9,"column":2},"end":{"line":9,"column":20}},"type":"default-arg","locations":[{"start":{"line":9,"column":11},"end":{"line":9,"column":20}}],"line":9}},"s":{"0":0},"f":{"0":0},"b":{"0":[0],"1":[0]}}
,"C:\\projects\\Khata\\components\\ui\\icon-symbol.tsx": {"path":"C:\\projects\\Khata\\components\\ui\\icon-symbol.tsx","statementMap":{"0":{"start":{"line":16,"column":16},"end":{"line":21,"column":16}},"1":{"start":{"line":40,"column":2},"end":{"line":40,"column":88}}},"fnMap":{"0":{"name":"IconSymbol","decl":{"start":{"line":28,"column":16},"end":{"line":28,"column":26}},"loc":{"start":{"line":39,"column":3},"end":{"line":41,"column":1}},"line":39}},"branchMap":{"0":{"loc":{"start":{"line":30,"column":2},"end":{"line":30,"column":11}},"type":"default-arg","locations":[{"start":{"line":30,"column":9},"end":{"line":30,"column":11}}],"line":30}},"s":{"0":0,"1":0},"f":{"0":0},"b":{"0":[0]}}
,"C:\\projects\\Khata\\config\\firebase.ts": {"path":"C:\\projects\\Khata\\config\\firebase.ts","statementMap":{"0":{"start":{"line":6,"column":24},"end":{"line":18,"column":1}},"1":{"start":{"line":21,"column":12},"end":{"line":21,"column":42}},"2":{"start":{"line":24,"column":20},"end":{"line":24,"column":32}},"3":{"start":{"line":27,"column":18},"end":{"line":27,"column":35}},"4":{"start":{"line":30,"column":23},"end":{"line":30,"column":38}}},"fnMap":{},"branchMap":{"0":{"loc":{"start":{"line":7,"column":10},"end":{"line":7,"column":68}},"type":"binary-expr","locations":[{"start":{"line":7,"column":10},"end":{"line":7,"column":50}},{"start":{"line":7,"column":54},"end":{"line":7,"column":68}}],"line":7},"1":{"loc":{"start":{"line":9,"column":4},"end":{"line":10,"column":34}},"type":"binary-expr","locations":[{"start":{"line":9,"column":4},"end":{"line":9,"column":48}},{"start":{"line":10,"column":4},"end":{"line":10,"column":34}}],"line":9},"2":{"loc":{"start":{"line":11,"column":13},"end":{"line":11,"column":77}},"type":"binary-expr","locations":[{"start":{"line":11,"column":13},"end":{"line":11,"column":56}},{"start":{"line":11,"column":60},"end":{"line":11,"column":77}}],"line":11},"3":{"loc":{"start":{"line":13,"column":4},"end":{"line":14,"column":30}},"type":"binary-expr","locations":[{"start":{"line":13,"column":4},"end":{"line":13,"column":51}},{"start":{"line":14,"column":4},"end":{"line":14,"column":30}}],"line":13},"4":{"loc":{"start":{"line":16,"column":4},"end":{"line":16,"column":76}},"type":"binary-expr","locations":[{"start":{"line":16,"column":4},"end":{"line":16,"column":56}},{"start":{"line":16,"column":60},"end":{"line":16,"column":76}}],"line":16},"5":{"loc":{"start":{"line":17,"column":9},"end":{"line":17,"column":65}},"type":"binary-expr","locations":[{"start":{"line":17,"column":9},"end":{"line":17,"column":48}},{"start":{"line":17,"column":52},"end":{"line":17,"column":65}}],"line":17}},"s":{"0":0,"1":0,"2":0,"3":0,"4":0},"f":{},"b":{"0":[0,0],"1":[0,0],"2":[0,0],"3":[0,0],"4":[0,0],"5":[0,0]}}
,"C:\\projects\\Khata\\config\\firebaseRules.ts": {"path":"C:\\projects\\Khata\\config\\firebaseRules.ts","statementMap":{"0":{"start":{"line":3,"column":31},"end":{"line":56,"column":1}},"1":{"start":{"line":58,"column":38},"end":{"line":68,"column":1}}},"fnMap":{},"branchMap":{},"s":{"0":0,"1":0},"f":{},"b":{}}
,"C:\\projects\\Khata\\constants\\theme.ts": {"path":"C:\\projects\\Khata\\constants\\theme.ts","statementMap":{"0":{"start":{"line":8,"column":23},"end":{"line":8,"column":32}},"1":{"start":{"line":9,"column":22},"end":{"line":9,"column":28}},"2":{"start":{"line":11,"column":22},"end":{"line":28,"column":1}},"3":{"start":{"line":30,"column":21},"end":{"line":53,"column":2}}},"fnMap":{},"branchMap":{},"s":{"0":0,"1":0,"2":0,"3":0},"f":{},"b":{}}
,"C:\\projects\\Khata\\functions\\src\\index.ts": {"path":"C:\\projects\\Khata\\functions\\src\\index.ts","statementMap":{"0":{"start":{"line":7,"column":0},"end":{"line":9,"column":1}},"1":{"start":{"line":8,"column":2},"end":{"line":8,"column":24}},"2":{"start":{"line":11,"column":20},"end":{"line":11,"column":42}},"3":{"start":{"line":12,"column":11},"end":{"line":12,"column":28}},"4":{"start":{"line":13,"column":13},"end":{"line":13,"column":25}},"5":{"start":{"line":18,"column":15},"end":{"line":24,"column":1}},"6":{"start":{"line":31,"column":2},"end":{"line":34,"column":3}},"7":{"start":{"line":32,"column":4},"end":{"line":32,"column":69}},"8":{"start":{"line":33,"column":4},"end":{"line":33,"column":16}},"9":{"start":{"line":36,"column":2},"end":{"line":56,"column":3}},"10":{"start":{"line":37,"column":21},"end":{"line":46,"column":5}},"11":{"start":{"line":48,"column":18},"end":{"line":48,"column":42}},"12":{"start":{"line":49,"column":20},"end":{"line":49,"column":56}},"13":{"start":{"line":51,"column":4},"end":{"line":51,"column":64}},"14":{"start":{"line":52,"column":4},"end":{"line":52,"column":19}},"15":{"start":{"line":54,"column":4},"end":{"line":54,"column":58}},"16":{"start":{"line":55,"column":4},"end":{"line":55,"column":17}},"17":{"start":{"line":64,"column":23},"end":{"line":157,"column":2}},"18":{"start":{"line":65,"column":2},"end":{"line":156,"column":5}},"19":{"start":{"line":66,"column":4},"end":{"line":155,"column":5}},"20":{"start":{"line":67,"column":6},"end":{"line":70,"column":7}},"21":{"start":{"line":68,"column":8},"end":{"line":68,"column":62}},"22":{"start":{"line":69,"column":8},"end":{"line":69,"column":15}},"23":{"start":{"line":72,"column":46},"end":{"line":72,"column":54}},"24":{"start":{"line":75,"column":6},"end":{"line":78,"column":7}},"25":{"start":{"line":76,"column":8},"end":{"line":76,"column":68}},"26":{"start":{"line":77,"column":8},"end":{"line":77,"column":15}},"27":{"start":{"line":80,"column":6},"end":{"line":83,"column":7}},"28":{"start":{"line":81,"column":8},"end":{"line":81,"column":71}},"29":{"start":{"line":82,"column":8},"end":{"line":82,"column":15}},"30":{"start":{"line":86,"column":31},"end":{"line":86,"column":68}},"31":{"start":{"line":87,"column":6},"end":{"line":90,"column":7}},"32":{"start":{"line":88,"column":8},"end":{"line":88,"column":73}},"33":{"start":{"line":89,"column":8},"end":{"line":89,"column":15}},"34":{"start":{"line":93,"column":29},"end":{"line":95,"column":29}},"35":{"start":{"line":98,"column":27},"end":{"line":98,"column":56}},"36":{"start":{"line":99,"column":18},"end":{"line":99,"column":74}},"37":{"start":{"line":100,"column":20},"end":{"line":100,"column":42}},"38":{"start":{"line":101,"column":24},"end":{"line":101,"column":59}},"39":{"start":{"line":103,"column":6},"end":{"line":108,"column":7}},"40":{"start":{"line":104,"column":8},"end":{"line":106,"column":70}},"41":{"start":{"line":107,"column":8},"end":{"line":107,"column":15}},"42":{"start":{"line":111,"column":6},"end":{"line":120,"column":10}},"43":{"start":{"line":124,"column":18},"end":{"line":124,"column":72}},"44":{"start":{"line":125,"column":24},"end":{"line":125,"column":43}},"45":{"start":{"line":128,"column":6},"end":{"line":136,"column":8}},"46":{"start":{"line":139,"column":6},"end":{"line":139,"column":77}},"47":{"start":{"line":144,"column":6},"end":{"line":149,"column":9}},"48":{"start":{"line":151,"column":6},"end":{"line":151,"column":48}},"49":{"start":{"line":152,"column":6},"end":{"line":154,"column":9}},"50":{"start":{"line":164,"column":25},"end":{"line":285,"column":2}},"51":{"start":{"line":165,"column":2},"end":{"line":284,"column":5}},"52":{"start":{"line":166,"column":4},"end":{"line":283,"column":5}},"53":{"start":{"line":167,"column":6},"end":{"line":170,"column":7}},"54":{"start":{"line":168,"column":8},"end":{"line":168,"column":62}},"55":{"start":{"line":169,"column":8},"end":{"line":169,"column":15}},"56":{"start":{"line":172,"column":45},"end":{"line":172,"column":53}},"57":{"start":{"line":175,"column":6},"end":{"line":178,"column":7}},"58":{"start":{"line":176,"column":8},"end":{"line":176,"column":77}},"59":{"start":{"line":177,"column":8},"end":{"line":177,"column":15}},"60":{"start":{"line":180,"column":29},"end":{"line":182,"column":29}},"61":{"start":{"line":185,"column":21},"end":{"line":185,"column":79}},"62":{"start":{"line":186,"column":22},"end":{"line":186,"column":35}},"63":{"start":{"line":188,"column":6},"end":{"line":191,"column":7}},"64":{"start":{"line":189,"column":8},"end":{"line":189,"column":77}},"65":{"start":{"line":190,"column":8},"end":{"line":190,"column":15}},"66":{"start":{"line":194,"column":6},"end":{"line":198,"column":7}},"67":{"start":{"line":195,"column":8},"end":{"line":195,"column":70}},"68":{"start":{"line":196,"column":8},"end":{"line":196,"column":75}},"69":{"start":{"line":197,"column":8},"end":{"line":197,"column":15}},"70":{"start":{"line":201,"column":6},"end":{"line":206,"column":7}},"71":{"start":{"line":202,"column":8},"end":{"line":204,"column":73}},"72":{"start":{"line":205,"column":8},"end":{"line":205,"column":15}},"73":{"start":{"line":209,"column":6},"end":{"line":218,"column":7}},"74":{"start":{"line":210,"column":8},"end":{"line":215,"column":13}},"75":{"start":{"line":216,"column":8},"end":{"line":216,"column":55}},"76":{"start":{"line":217,"column":8},"end":{"line":217,"column":15}},"77":{"start":{"line":222,"column":6},"end":{"line":258,"column":7}},"78":{"start":{"line":223,"column":8},"end":{"line":223,"column":63}},"79":{"start":{"line":225,"column":8},"end":{"line":257,"column":9}},"80":{"start":{"line":227,"column":10},"end":{"line":231,"column":13}},"81":{"start":{"line":234,"column":10},"end":{"line":245,"column":15}},"82":{"start":{"line":248,"column":10},"end":{"line":254,"column":13}},"83":{"start":{"line":256,"column":10},"end":{"line":256,"column":22}},"84":{"start":{"line":261,"column":26},"end":{"line":261,"column":64}},"85":{"start":{"line":264,"column":6},"end":{"line":264,"column":68}},"86":{"start":{"line":267,"column":6},"end":{"line":267,"column":58}},"87":{"start":{"line":269,"column":6},"end":{"line":277,"column":9}},"88":{"start":{"line":279,"column":6},"end":{"line":279,"column":50}},"89":{"start":{"line":280,"column":6},"end":{"line":282,"column":9}},"90":{"start":{"line":291,"column":25},"end":{"line":348,"column":2}},"91":{"start":{"line":292,"column":2},"end":{"line":347,"column":5}},"92":{"start":{"line":293,"column":4},"end":{"line":346,"column":5}},"93":{"start":{"line":294,"column":6},"end":{"line":297,"column":7}},"94":{"start":{"line":295,"column":8},"end":{"line":295,"column":62}},"95":{"start":{"line":296,"column":8},"end":{"line":296,"column":15}},"96":{"start":{"line":299,"column":46},"end":{"line":299,"column":54}},"97":{"start":{"line":301,"column":6},"end":{"line":306,"column":7}},"98":{"start":{"line":302,"column":8},"end":{"line":304,"column":72}},"99":{"start":{"line":305,"column":8},"end":{"line":305,"column":15}},"100":{"start":{"line":309,"column":22},"end":{"line":309,"column":59}},"101":{"start":{"line":310,"column":6},"end":{"line":313,"column":7}},"102":{"start":{"line":311,"column":8},"end":{"line":311,"column":73}},"103":{"start":{"line":312,"column":8},"end":{"line":312,"column":15}},"104":{"start":{"line":316,"column":29},"end":{"line":318,"column":29}},"105":{"start":{"line":321,"column":18},"end":{"line":321,"column":72}},"106":{"start":{"line":322,"column":24},"end":{"line":322,"column":43}},"107":{"start":{"line":324,"column":6},"end":{"line":332,"column":8}},"108":{"start":{"line":334,"column":6},"end":{"line":334,"column":65}},"109":{"start":{"line":336,"column":6},"end":{"line":340,"column":9}},"110":{"start":{"line":342,"column":6},"end":{"line":342,"column":50}},"111":{"start":{"line":343,"column":6},"end":{"line":345,"column":9}},"112":{"start":{"line":353,"column":34},"end":{"line":373,"column":4}},"113":{"start":{"line":356,"column":4},"end":{"line":372,"column":5}},"114":{"start":{"line":357,"column":18},"end":{"line":357,"column":28}},"115":{"start":{"line":358,"column":26},"end":{"line":361,"column":14}},"116":{"start":{"line":363,"column":20},"end":{"line":363,"column":30}},"117":{"start":{"line":364,"column":6},"end":{"line":366,"column":9}},"118":{"start":{"line":365,"column":8},"end":{"line":365,"column":30}},"119":{"start":{"line":368,"column":6},"end":{"line":368,"column":27}},"120":{"start":{"line":369,"column":6},"end":{"line":369,"column":76}},"121":{"start":{"line":371,"column":6},"end":{"line":371,"column":54}}},"fnMap":{"0":{"name":"verifyRecaptcha","decl":{"start":{"line":30,"column":15},"end":{"line":30,"column":30}},"loc":{"start":{"line":30,"column":64},"end":{"line":57,"column":1}},"line":30},"1":{"name":"(anonymous_1)","decl":{"start":{"line":64,"column":49},"end":{"line":64,"column":50}},"loc":{"start":{"line":64,"column":63},"end":{"line":157,"column":1}},"line":64},"2":{"name":"(anonymous_2)","decl":{"start":{"line":65,"column":24},"end":{"line":65,"column":25}},"loc":{"start":{"line":65,"column":36},"end":{"line":156,"column":3}},"line":65},"3":{"name":"(anonymous_3)","decl":{"start":{"line":164,"column":51},"end":{"line":164,"column":52}},"loc":{"start":{"line":164,"column":65},"end":{"line":285,"column":1}},"line":164},"4":{"name":"(anonymous_4)","decl":{"start":{"line":165,"column":24},"end":{"line":165,"column":25}},"loc":{"start":{"line":165,"column":36},"end":{"line":284,"column":3}},"line":165},"5":{"name":"(anonymous_5)","decl":{"start":{"line":291,"column":51},"end":{"line":291,"column":52}},"loc":{"start":{"line":291,"column":65},"end":{"line":348,"column":1}},"line":291},"6":{"name":"(anonymous_6)","decl":{"start":{"line":292,"column":24},"end":{"line":292,"column":25}},"loc":{"start":{"line":292,"column":36},"end":{"line":347,"column":3}},"line":292},"7":{"name":"(anonymous_7)","decl":{"start":{"line":355,"column":9},"end":{"line":355,"column":10}},"loc":{"start":{"line":355,"column":21},"end":{"line":373,"column":3}},"line":355},"8":{"name":"(anonymous_8)","decl":{"start":{"line":364,"column":31},"end":{"line":364,"column":32}},"loc":{"start":{"line":364,"column":40},"end":{"line":366,"column":7}},"line":364}},"branchMap":{"0":{"loc":{"start":{"line":7,"column":0},"end":{"line":9,"column":1}},"type":"if","locations":[{"start":{"line":7,"column":0},"end":{"line":9,"column":1}},{"start":{},"end":{}}],"line":7},"1":{"loc":{"start":{"line":20,"column":24},"end":{"line":20,"column":62}},"type":"binary-expr","locations":[{"start":{"line":20,"column":24},"end":{"line":20,"column":56}},{"start":{"line":20,"column":60},"end":{"line":20,"column":62}}],"line":20},"2":{"loc":{"start":{"line":22,"column":22},"end":{"line":22,"column":58}},"type":"binary-expr","locations":[{"start":{"line":22,"column":22},"end":{"line":22,"column":52}},{"start":{"line":22,"column":56},"end":{"line":22,"column":58}}],"line":22},"3":{"loc":{"start":{"line":23,"column":21},"end":{"line":23,"column":56}},"type":"binary-expr","locations":[{"start":{"line":23,"column":21},"end":{"line":23,"column":50}},{"start":{"line":23,"column":54},"end":{"line":23,"column":56}}],"line":23},"4":{"loc":{"start":{"line":31,"column":2},"end":{"line":34,"column":3}},"type":"if","locations":[{"start":{"line":31,"column":2},"end":{"line":34,"column":3}},{"start":{},"end":{}}],"line":31},"5":{"loc":{"start":{"line":48,"column":18},"end":{"line":48,"column":42}},"type":"binary-expr","locations":[{"start":{"line":48,"column":18},"end":{"line":48,"column":37}},{"start":{"line":48,"column":41},"end":{"line":48,"column":42}}],"line":48},"6":{"loc":{"start":{"line":49,"column":20},"end":{"line":49,"column":56}},"type":"binary-expr","locations":[{"start":{"line":49,"column":20},"end":{"line":49,"column":41}},{"start":{"line":49,"column":45},"end":{"line":49,"column":56}}],"line":49},"7":{"loc":{"start":{"line":67,"column":6},"end":{"line":70,"column":7}},"type":"if","locations":[{"start":{"line":67,"column":6},"end":{"line":70,"column":7}},{"start":{},"end":{}}],"line":67},"8":{"loc":{"start":{"line":75,"column":6},"end":{"line":78,"column":7}},"type":"if","locations":[{"start":{"line":75,"column":6},"end":{"line":78,"column":7}},{"start":{},"end":{}}],"line":75},"9":{"loc":{"start":{"line":80,"column":6},"end":{"line":83,"column":7}},"type":"if","locations":[{"start":{"line":80,"column":6},"end":{"line":83,"column":7}},{"start":{},"end":{}}],"line":80},"10":{"loc":{"start":{"line":87,"column":6},"end":{"line":90,"column":7}},"type":"if","locations":[{"start":{"line":87,"column":6},"end":{"line":90,"column":7}},{"start":{},"end":{}}],"line":87},"11":{"loc":{"start":{"line":93,"column":29},"end":{"line":95,"column":29}},"type":"cond-expr","locations":[{"start":{"line":94,"column":10},"end":{"line":94,"column":21}},{"start":{"line":95,"column":10},"end":{"line":95,"column":29}}],"line":93},"12":{"loc":{"start":{"line":100,"column":20},"end":{"line":100,"column":42}},"type":"binary-expr","locations":[{"start":{"line":100,"column":20},"end":{"line":100,"column":37}},{"start":{"line":100,"column":41},"end":{"line":100,"column":42}}],"line":100},"13":{"loc":{"start":{"line":101,"column":24},"end":{"line":101,"column":59}},"type":"binary-expr","locations":[{"start":{"line":101,"column":24},"end":{"line":101,"column":45}},{"start":{"line":101,"column":49},"end":{"line":101,"column":59}}],"line":101},"14":{"loc":{"start":{"line":103,"column":6},"end":{"line":108,"column":7}},"type":"if","locations":[{"start":{"line":103,"column":6},"end":{"line":108,"column":7}},{"start":{},"end":{}}],"line":103},"15":{"loc":{"start":{"line":103,"column":10},"end":{"line":103,"column":56}},"type":"binary-expr","locations":[{"start":{"line":103,"column":10},"end":{"line":103,"column":20}},{"start":{"line":103,"column":24},"end":{"line":103,"column":56}}],"line":103},"16":{"loc":{"start":{"line":148,"column":13},"end":{"line":148,"column":72}},"type":"cond-expr","locations":[{"start":{"line":148,"column":57},"end":{"line":148,"column":60}},{"start":{"line":148,"column":63},"end":{"line":148,"column":72}}],"line":148},"17":{"loc":{"start":{"line":153,"column":15},"end":{"line":153,"column":79}},"type":"cond-expr","locations":[{"start":{"line":153,"column":40},"end":{"line":153,"column":53}},{"start":{"line":153,"column":56},"end":{"line":153,"column":79}}],"line":153},"18":{"loc":{"start":{"line":167,"column":6},"end":{"line":170,"column":7}},"type":"if","locations":[{"start":{"line":167,"column":6},"end":{"line":170,"column":7}},{"start":{},"end":{}}],"line":167},"19":{"loc":{"start":{"line":175,"column":6},"end":{"line":178,"column":7}},"type":"if","locations":[{"start":{"line":175,"column":6},"end":{"line":178,"column":7}},{"start":{},"end":{}}],"line":175},"20":{"loc":{"start":{"line":175,"column":10},"end":{"line":175,"column":30}},"type":"binary-expr","locations":[{"start":{"line":175,"column":10},"end":{"line":175,"column":22}},{"start":{"line":175,"column":26},"end":{"line":175,"column":30}}],"line":175},"21":{"loc":{"start":{"line":180,"column":29},"end":{"line":182,"column":29}},"type":"cond-expr","locations":[{"start":{"line":181,"column":10},"end":{"line":181,"column":21}},{"start":{"line":182,"column":10},"end":{"line":182,"column":29}}],"line":180},"22":{"loc":{"start":{"line":188,"column":6},"end":{"line":191,"column":7}},"type":"if","locations":[{"start":{"line":188,"column":6},"end":{"line":191,"column":7}},{"start":{},"end":{}}],"line":188},"23":{"loc":{"start":{"line":194,"column":6},"end":{"line":198,"column":7}},"type":"if","locations":[{"start":{"line":194,"column":6},"end":{"line":198,"column":7}},{"start":{},"end":{}}],"line":194},"24":{"loc":{"start":{"line":201,"column":6},"end":{"line":206,"column":7}},"type":"if","locations":[{"start":{"line":201,"column":6},"end":{"line":206,"column":7}},{"start":{},"end":{}}],"line":201},"25":{"loc":{"start":{"line":209,"column":6},"end":{"line":218,"column":7}},"type":"if","locations":[{"start":{"line":209,"column":6},"end":{"line":218,"column":7}},{"start":{},"end":{}}],"line":209},"26":{"loc":{"start":{"line":225,"column":8},"end":{"line":257,"column":9}},"type":"if","locations":[{"start":{"line":225,"column":8},"end":{"line":257,"column":9}},{"start":{"line":255,"column":15},"end":{"line":257,"column":9}}],"line":225},"27":{"loc":{"start":{"line":229,"column":25},"end":{"line":229,"column":55}},"type":"binary-expr","locations":[{"start":{"line":229,"column":25},"end":{"line":229,"column":39}},{"start":{"line":229,"column":43},"end":{"line":229,"column":55}}],"line":229},"28":{"loc":{"start":{"line":240,"column":20},"end":{"line":240,"column":50}},"type":"binary-expr","locations":[{"start":{"line":240,"column":20},"end":{"line":240,"column":34}},{"start":{"line":240,"column":38},"end":{"line":240,"column":50}}],"line":240},"29":{"loc":{"start":{"line":241,"column":24},"end":{"line":241,"column":56}},"type":"binary-expr","locations":[{"start":{"line":241,"column":24},"end":{"line":241,"column":42}},{"start":{"line":241,"column":46},"end":{"line":241,"column":56}}],"line":241},"30":{"loc":{"start":{"line":250,"column":18},"end":{"line":250,"column":50}},"type":"binary-expr","locations":[{"start":{"line":250,"column":18},"end":{"line":250,"column":36}},{"start":{"line":250,"column":40},"end":{"line":250,"column":50}}],"line":250},"31":{"loc":{"start":{"line":251,"column":23},"end":{"line":251,"column":53}},"type":"binary-expr","locations":[{"start":{"line":251,"column":23},"end":{"line":251,"column":37}},{"start":{"line":251,"column":41},"end":{"line":251,"column":53}}],"line":251},"32":{"loc":{"start":{"line":281,"column":15},"end":{"line":281,"column":79}},"type":"cond-expr","locations":[{"start":{"line":281,"column":40},"end":{"line":281,"column":53}},{"start":{"line":281,"column":56},"end":{"line":281,"column":79}}],"line":281},"33":{"loc":{"start":{"line":294,"column":6},"end":{"line":297,"column":7}},"type":"if","locations":[{"start":{"line":294,"column":6},"end":{"line":297,"column":7}},{"start":{},"end":{}}],"line":294},"34":{"loc":{"start":{"line":301,"column":6},"end":{"line":306,"column":7}},"type":"if","locations":[{"start":{"line":301,"column":6},"end":{"line":306,"column":7}},{"start":{},"end":{}}],"line":301},"35":{"loc":{"start":{"line":301,"column":10},"end":{"line":301,"column":41}},"type":"binary-expr","locations":[{"start":{"line":301,"column":10},"end":{"line":301,"column":22}},{"start":{"line":301,"column":26},"end":{"line":301,"column":41}}],"line":301},"36":{"loc":{"start":{"line":310,"column":6},"end":{"line":313,"column":7}},"type":"if","locations":[{"start":{"line":310,"column":6},"end":{"line":313,"column":7}},{"start":{},"end":{}}],"line":310},"37":{"loc":{"start":{"line":316,"column":29},"end":{"line":318,"column":29}},"type":"cond-expr","locations":[{"start":{"line":317,"column":10},"end":{"line":317,"column":21}},{"start":{"line":318,"column":10},"end":{"line":318,"column":29}}],"line":316},"38":{"loc":{"start":{"line":339,"column":13},"end":{"line":339,"column":72}},"type":"cond-expr","locations":[{"start":{"line":339,"column":57},"end":{"line":339,"column":60}},{"start":{"line":339,"column":63},"end":{"line":339,"column":72}}],"line":339},"39":{"loc":{"start":{"line":344,"column":15},"end":{"line":344,"column":79}},"type":"cond-expr","locations":[{"start":{"line":344,"column":40},"end":{"line":344,"column":53}},{"start":{"line":344,"column":56},"end":{"line":344,"column":79}}],"line":344}},"s":{"0":0,"1":0,"2":0,"3":0,"4":0,"5":0,"6":0,"7":0,"8":0,"9":0,"10":0,"11":0,"12":0,"13":0,"14":0,"15":0,"16":0,"17":0,"18":0,"19":0,"20":0,"21":0,"22":0,"23":0,"24":0,"25":0,"26":0,"27":0,"28":0,"29":0,"30":0,"31":0,"32":0,"33":0,"34":0,"35":0,"36":0,"37":0,"38":0,"39":0,"40":0,"41":0,"42":0,"43":0,"44":0,"45":0,"46":0,"47":0,"48":0,"49":0,"50":0,"51":0,"52":0,"53":0,"54":0,"55":0,"56":0,"57":0,"58":0,"59":0,"60":0,"61":0,"62":0,"63":0,"64":0,"65":0,"66":0,"67":0,"68":0,"69":0,"70":0,"71":0,"72":0,"73":0,"74":0,"75":0,"76":0,"77":0,"78":0,"79":0,"80":0,"81":0,"82":0,"83":0,"84":0,"85":0,"86":0,"87":0,"88":0,"89":0,"90":0,"91":0,"92":0,"93":0,"94":0,"95":0,"96":0,"97":0,"98":0,"99":0,"100":0,"101":0,"102":0,"103":0,"104":0,"105":0,"106":0,"107":0,"108":0,"109":0,"110":0,"111":0,"112":0,"113":0,"114":0,"115":0,"116":0,"117":0,"118":0,"119":0,"120":0,"121":0},"f":{"0":0,"1":0,"2":0,"3":0,"4":0,"5":0,"6":0,"7":0,"8":0},"b":{"0":[0,0],"1":[0,0],"2":[0,0],"3":[0,0],"4":[0,0],"5":[0,0],"6":[0,0],"7":[0,0],"8":[0,0],"9":[0,0],"10":[0,0],"11":[0,0],"12":[0,0],"13":[0,0],"14":[0,0],"15":[0,0],"16":[0,0],"17":[0,0],"18":[0,0],"19":[0,0],"20":[0,0],"21":[0,0],"22":[0,0],"23":[0,0],"24":[0,0],"25":[0,0],"26":[0,0],"27":[0,0],"28":[0,0],"29":[0,0],"30":[0,0],"31":[0,0],"32":[0,0],"33":[0,0],"34":[0,0],"35":[0,0],"36":[0,0],"37":[0,0],"38":[0,0],"39":[0,0]}}
,"C:\\projects\\Khata\\hooks\\use-color-scheme.ts": {"path":"C:\\projects\\Khata\\hooks\\use-color-scheme.ts","statementMap":{},"fnMap":{},"branchMap":{},"s":{},"f":{},"b":{}}
,"C:\\projects\\Khata\\hooks\\use-color-scheme.web.ts": {"path":"C:\\projects\\Khata\\hooks\\use-color-scheme.web.ts","statementMap":{"0":{"start":{"line":8,"column":40},"end":{"line":8,"column":55}},"1":{"start":{"line":10,"column":2},"end":{"line":12,"column":9}},"2":{"start":{"line":11,"column":4},"end":{"line":11,"column":25}},"3":{"start":{"line":14,"column":22},"end":{"line":14,"column":40}},"4":{"start":{"line":16,"column":2},"end":{"line":18,"column":3}},"5":{"start":{"line":17,"column":4},"end":{"line":17,"column":23}},"6":{"start":{"line":20,"column":2},"end":{"line":20,"column":17}}},"fnMap":{"0":{"name":"useColorScheme","decl":{"start":{"line":7,"column":16},"end":{"line":7,"column":30}},"loc":{"start":{"line":7,"column":33},"end":{"line":21,"column":1}},"line":7},"1":{"name":"(anonymous_1)","decl":{"start":{"line":10,"column":12},"end":{"line":10,"column":13}},"loc":{"start":{"line":10,"column":18},"end":{"line":12,"column":3}},"line":10}},"branchMap":{"0":{"loc":{"start":{"line":16,"column":2},"end":{"line":18,"column":3}},"type":"if","locations":[{"start":{"line":16,"column":2},"end":{"line":18,"column":3}},{"start":{},"end":{}}],"line":16}},"s":{"0":0,"1":0,"2":0,"3":0,"4":0,"5":0,"6":0},"f":{"0":0,"1":0},"b":{"0":[0,0]}}
[...]
},"16":{"name":"(anonymous_16)","decl":{"start":{"line":77,"column":19},"end":{"line":77,"column":20}},"loc":{"start":{"line":77,"column":37},"end":{"line":77,"column":66}},"line":77},"17":{"name":"(anonymous_17)","decl":{"start":{"line":77,"column":41},"end":{"line":77,"column":42}},"loc":{"start":{"line":77,"column":48},"end":{"line":77,"column":64}},"line":77},"18":{"name":"(anonymous_18)","decl":{"start":{"line":78,"column":26},"end":{"line":78,"column":27}},"loc":{"start":{"line":79,"column":4},"end":{"line":79,"column":49}},"line":79},"19":{"name":"(anonymous_19)","decl":{"start":{"line":79,"column":8},"end":{"line":79,"column":9}},"loc":{"start":{"line":79,"column":15},"end":{"line":79,"column":47}},"line":79},"20":{"name":"(anonymous_20)","decl":{"start":{"line":81,"column":27},"end":{"line":81,"column":28}},"loc":{"start":{"line":81,"column":53},"end":{"line":94,"column":3}},"line":81},"21":{"name":"(anonymous_21)","decl":{"start":{"line":83,"column":10},"end":{"line":83,"column":11}},"loc":{"start":{"line":83,"column":17},"end":{"line":83,"column":46}},"line":83},"22":{"name":"(anonymous_22)","decl":{"start":{"line":88,"column":10},"end":{"line":88,"column":11}},"loc":{"start":{"line":88,"column":17},"end":{"line":88,"column":61}},"line":88},"23":{"name":"(anonymous_23)","decl":{"start":{"line":91,"column":10},"end":{"line":91,"column":11}},"loc":{"start":{"line":91,"column":17},"end":{"line":91,"column":47}},"line":91},"24":{"name":"(anonymous_24)","decl":{"start":{"line":96,"column":25},"end":{"line":96,"column":26}},"loc":{"start":{"line":96,"column":42},"end":{"line":101,"column":3}},"line":96},"25":{"name":"(anonymous_25)","decl":{"start":{"line":98,"column":8},"end":{"line":98,"column":9}},"loc":{"start":{"line":98,"column":15},"end":{"line":100,"column":5}},"line":98},"26":{"name":"(anonymous_26)","decl":{"start":{"line":105,"column":20},"end":{"line":105,"column":21}},"loc":{"start":{"line":105,"column":33},"end":{"line":105,"column":72}},"line":105},"27":{"name":"(anonymous_27)","decl":{"start":{"line":105,"column":37},"end":{"line":105,"column":38}},"loc":{"start":{"line":105,"column":44},"end":{"line":105,"column":70}},"line":105},"28":{"name":"(anonymous_28)","decl":{"start":{"line":107,"column":23},"end":{"line":107,"column":24}},"loc":{"start":{"line":107,"column":53},"end":{"line":118,"column":3}},"line":107},"29":{"name":"(anonymous_29)","decl":{"start":{"line":109,"column":10},"end":{"line":109,"column":11}},"loc":{"start":{"line":109,"column":17},"end":{"line":109,"column":40}},"line":109},"30":{"name":"(anonymous_30)","decl":{"start":{"line":112,"column":10},"end":{"line":112,"column":11}},"loc":{"start":{"line":112,"column":17},"end":{"line":112,"column":56}},"line":112},"31":{"name":"(anonymous_31)","decl":{"start":{"line":115,"column":10},"end":{"line":115,"column":11}},"loc":{"start":{"line":115,"column":17},"end":{"line":115,"column":41}},"line":115},"32":{"name":"(anonymous_32)","decl":{"start":{"line":121,"column":18},"end":{"line":121,"column":19}},"loc":{"start":{"line":121,"column":44},"end":{"line":154,"column":3}},"line":121},"33":{"name":"(anonymous_33)","decl":{"start":{"line":130,"column":8},"end":{"line":130,"column":9}},"loc":{"start":{"line":130,"column":20},"end":{"line":130,"column":48}},"line":130},"34":{"name":"(anonymous_34)","decl":{"start":{"line":134,"column":8},"end":{"line":134,"column":9}},"loc":{"start":{"line":134,"column":15},"end":{"line":134,"column":47}},"line":134},"35":{"name":"(anonymous_35)","decl":{"start":{"line":138,"column":14},"end":{"line":138,"column":15}},"loc":{"start":{"line":138,"column":24},"end":{"line":138,"column":45}},"line":138},"36":{"name":"(anonymous_36)","decl":{"start":{"line":141,"column":10},"end":{"line":141,"column":11}},"loc":{"start":{"line":141,"column":17},"end":{"line":149,"column":7}},"line":141},"37":{"name":"(anonymous_37)","decl":{"start":{"line":156,"column":16},"end":{"line":156,"column":17}},"loc":{"start":{"line":156,"column":40},"end":{"line":168,"column":3}},"line":156}},"branchMap":{"0":{"loc":{"start":{"line":70,"column":8},"end":{"line":70,"column":57}},"type":"cond-expr","locations":[{"start":{"line":70,"column":38},"end":{"line":70,"column":53}},{"start":{"line":70,"column":56},"end":{"line":70,"column":57}}],"line":70},"1":{"loc":{"start":{"line":157,"column":33},"end":{"line":159,"column":11}},"type":"cond-expr","locations":[{"start":{"line":158,"column":8},"end":{"line":158,"column":66}},{"start":{"line":159,"column":8},"end":{"line":159,"column":11}}],"line":157},"2":{"loc":{"start":{"line":161,"column":4},"end":{"line":163,"column":5}},"type":"if","locations":[{"start":{"line":161,"column":4},"end":{"line":163,"column":5}},{"start":{},"end":{}}],"line":161},"3":{"loc":{"start":{"line":161,"column":8},"end":{"line":161,"column":61}},"type":"binary-expr","locations":[{"start":{"line":161,"column":8},"end":{"line":161,"column":33}},{"start":{"line":161,"column":37},"end":{"line":161,"column":61}}],"line":161},"4":{"loc":{"start":{"line":164,"column":4},"end":{"line":166,"column":5}},"type":"if","locations":[{"start":{"line":164,"column":4},"end":{"line":166,"column":5}},{"start":{},"end":{}}],"line":164},"5":{"loc":{"start":{"line":164,"column":8},"end":{"line":164,"column":60}},"type":"binary-expr","locations":[{"start":{"line":164,"column":8},"end":{"line":164,"column":33}},{"start":{"line":164,"column":37},"end":{"line":164,"column":60}}],"line":164}},"s":{"0":0,"1":0,"2":0,"3":0,"4":0,"5":0,"6":0,"7":0,"8":0,"9":0,"10":0,"11":0,"12":0,"13":0,"14":0,"15":0,"16":0,"17":0,"18":0,"19":0,"20":0,"21":0,"22":0,"23":0,"24":0,"25":0,"26":0,"27":0,"28":0,"29":0,"30":0,"31":0,"32":0,"33":0,"34":0,"35":0,"36":0,"37":0,"38":0,"39":0,"40":0,"41":0,"42":0,"43":0,"44":0,"45":0,"46":0,"47":0,"48":0,"49":0,"50":0,"51":0,"52":0,"53":0,"54":0,"55":0,"56":0,"57":0,"58":0,"59":0,"60":0,"61":0,"62":0,"63":0,"64":0,"65":0,"66":0,"67":0,"68":0,"69":0,"70":0,"71":0,"72":0},"f":{"0":0,"1":0,"2":0,"3":0,"4":0,"5":0,"6":0,"7":0,"8":0,"9":0,"10":0,"11":0,"12":0,"13":0,"14":0,"15":0,"16":0,"17":0,"18":0,"19":0,"20":0,"21":0,"22":0,"23":0,"24":0,"25":0,"26":0,"27":0,"28":0,"29":0,"30":0,"31":0,"32":0,"33":0,"34":0,"35":0,"36":0,"37":0},"b":{"0":[0,0],"1":[0,0],"2":[0,0],"3":[0,0],"4":[0,0],"5":[0,0]}}
,"C:\\projects\\Khata\\store\\uiStore.ts": {"path":"C:\\projects\\Khata\\store\\uiStore.ts","statementMap":{"0":{"start":{"line":18,"column":26},"end":{"line":31,"column":3}},"1":{"start":{"line":18,"column":52},"end":{"line":31,"column":1}},"2":{"start":{"line":20,"column":25},"end":{"line":20,"column":66}},"3":{"start":{"line":20,"column":36},"end":{"line":20,"column":64}},"4":{"start":{"line":21,"column":25},"end":{"line":21,"column":67}},"5":{"start":{"line":21,"column":36},"end":{"line":21,"column":65}},"6":{"start":{"line":23,"column":27},"end":{"line":23,"column":70}},"7":{"start":{"line":23,"column":38},"end":{"line":23,"column":68}},"8":{"start":{"line":24,"column":27},"end":{"line":24,"column":71}},"9":{"start":{"line":24,"column":38},"end":{"line":24,"column":69}},"10":{"start":{"line":26,"column":30},"end":{"line":26,"column":66}},"11":{"start":{"line":26,"column":41},"end":{"line":26,"column":64}},"12":{"start":{"line":28,"column":29},"end":{"line":28,"column":64}},"13":{"start":{"line":28,"column":40},"end":{"line":28,"column":62}},"14":{"start":{"line":30,"column":33},"end":{"line":30,"column":72}},"15":{"start":{"line":30,"column":44},"end":{"line":30,"column":70}}},"fnMap":{"0":{"name":"(anonymous_0)","decl":{"start":{"line":18,"column":42},"end":{"line":18,"column":43}},"loc":{"start":{"line":18,"column":52},"end":{"line":31,"column":1}},"line":18},"1":{"name":"(anonymous_1)","decl":{"start":{"line":20,"column":19},"end":{"line":20,"column":20}},"loc":{"start":{"line":20,"column":25},"end":{"line":20,"column":66}},"line":20},"2":{"name":"(anonymous_2)","decl":{"start":{"line":20,"column":29},"end":{"line":20,"column":30}},"loc":{"start":{"line":20,"column":36},"end":{"line":20,"column":64}},"line":20},"3":{"name":"(anonymous_3)","decl":{"start":{"line":21,"column":19},"end":{"line":21,"column":20}},"loc":{"start":{"line":21,"column":25},"end":{"line":21,"column":67}},"line":21},"4":{"name":"(anonymous_4)","decl":{"start":{"line":21,"column":29},"end":{"line":21,"column":30}},"loc":{"start":{"line":21,"column":36},"end":{"line":21,"column":65}},"line":21},"5":{"name":"(anonymous_5)","decl":{"start":{"line":23,"column":21},"end":{"line":23,"column":22}},"loc":{"start":{"line":23,"column":27},"end":{"line":23,"column":70}},"line":23},"6":{"name":"(anonymous_6)","decl":{"start":{"line":23,"column":31},"end":{"line":23,"column":32}},"loc":{"start":{"line":23,"column":38},"end":{"line":23,"column":68}},"line":23},"7":{"name":"(anonymous_7)","decl":{"start":{"line":24,"column":21},"end":{"line":24,"column":22}},"loc":{"start":{"line":24,"column":27},"end":{"line":24,"column":71}},"line":24},"8":{"name":"(anonymous_8)","decl":{"start":{"line":24,"column":31},"end":{"line":24,"column":32}},"loc":{"start":{"line":24,"column":38},"end":{"line":24,"column":69}},"line":24},"9":{"name":"(anonymous_9)","decl":{"start":{"line":26,"column":22},"end":{"line":26,"column":23}},"loc":{"start":{"line":26,"column":30},"end":{"line":26,"column":66}},"line":26},"10":{"name":"(anonymous_10)","decl":{"start":{"line":26,"column":34},"end":{"line":26,"column":35}},"loc":{"start":{"line":26,"column":41},"end":{"line":26,"column":64}},"line":26},"11":{"name":"(anonymous_11)","decl":{"start":{"line":28,"column":18},"end":{"line":28,"column":19}},"loc":{"start":{"line":28,"column":29},"end":{"line":28,"column":64}},"line":28},"12":{"name":"(anonymous_12)","decl":{"start":{"line":28,"column":33},"end":{"line":28,"column":34}},"loc":{"start":{"line":28,"column":40},"end":{"line":28,"column":62}},"line":28},"13":{"name":"(anonymous_13)","decl":{"start":{"line":30,"column":22},"end":{"line":30,"column":23}},"loc":{"start":{"line":30,"column":33},"end":{"line":30,"column":72}},"line":30},"14":{"name":"(anonymous_14)","decl":{"start":{"line":30,"column":37},"end":{"line":30,"column":38}},"loc":{"start":{"line":30,"column":44},"end":{"line":30,"column":70}},"line":30}},"branchMap":{},"s":{"0":0,"1":0,"2":0,"3":0,"4":0,"5":0,"6":0,"7":0,"8":0,"9":0,"10":0,"11":0,"12":0,"13":0,"14":0,"15":0},"f":{"0":0,"1":0,"2":0,"3":0,"4":0,"5":0,"6":0,"7":0,"8":0,"9":0,"10":0,"11":0,"12":0,"13":0,"14":0},"b":{}}
,"C:\\projects\\Khata\\types\\index.ts": {"path":"C:\\projects\\Khata\\types\\index.ts","statementMap":{},"fnMap":{},"branchMap":{},"s":{},"f":{},"b":{}}
,"C:\\projects\\Khata\\utils\\helpers.ts": {"path":"C:\\projects\\Khata\\utils\\helpers.ts","statementMap":{"0":{"start":{"line":8,"column":30},"end":{"line":14,"column":1}},"1":{"start":{"line":9,"column":2},"end":{"line":13,"column":20}},"2":{"start":{"line":19,"column":33},"end":{"line":30,"column":1}},"3":{"start":{"line":21,"column":18},"end":{"line":21,"column":42}},"4":{"start":{"line":23,"column":2},"end":{"line":25,"column":3}},"5":{"start":{"line":24,"column":4},"end":{"line":24,"column":56}},"6":{"start":{"line":26,"column":2},"end":{"line":28,"column":3}},"7":{"start":{"line":27,"column":4},"end":{"line":27,"column":80}},"8":{"start":{"line":29,"column":2},"end":{"line":29,"column":15}},"9":{"start":{"line":35,"column":34},"end":{"line":38,"column":1}},"10":{"start":{"line":36,"column":18},"end":{"line":36,"column":42}},"11":{"start":{"line":37,"column":2},"end":{"line":37,"column":56}},"12":{"start":{"line":43,"column":31},"end":{"line":55,"column":1}},"13":{"start":{"line":47,"column":2},"end":{"line":47,"column":38}},"14":{"start":{"line":47,"column":21},"end":{"line":47,"column":38}},"15":{"start":{"line":49,"column":15},"end":{"line":52,"column":4}},"16":{"start":{"line":54,"column":2},"end":{"line":54,"column":57}},"17":{"start":{"line":54,"column":44},"end":{"line":54,"column":55}},"18":{"start":{"line":60,"column":36},"end":{"line":70,"column":1}},"19":{"start":{"line":65,"column":18},"end":{"line":65,"column":167}},"20":{"start":{"line":66,"column":18},"end":{"line":66,"column":45}},"21":{"start":{"line":67,"column":21},"end":{"line":67,"column":51}},"22":{"start":{"line":68,"column":16},"end":{"line":68,"column":73}},"23":{"start":{"line":69,"column":2},"end":{"line":69,"column":50}},"24":{"start":{"line":75,"column":28},"end":{"line":78,"column":1}},"25":{"start":{"line":76,"column":2},"end":{"line":76,"column":24}},"26":{"start":{"line":76,"column":13},"end":{"line":76,"column":24}},"27":{"start":{"line":77,"column":2},"end":{"line":77,"column":44}},"28":{"start":{"line":83,"column":26},"end":{"line":85,"column":1}},"29":{"start":{"line":84,"column":2},"end":{"line":84,"column":63}},"30":{"start":{"line":90,"column":28},"end":{"line":101,"column":1}},"31":{"start":{"line":91,"column":2},"end":{"line":100,"column":3}},"32":{"start":{"line":93,"column":6},"end":{"line":93,"column":23}},"33":{"start":{"line":95,"column":6},"end":{"line":95,"column":23}},"34":{"start":{"line":97,"column":6},"end":{"line":97,"column":23}},"35":{"start":{"line":99,"column":6},"end":{"line":99,"column":23}},"36":{"start":{"line":106,"column":28},"end":{"line":117,"column":1}},"37":{"start":{"line":107,"column":2},"end":{"line":116,"column":3}},"38":{"start":{"line":109,"column":6},"end":{"line":109,"column":28}},"39":{"start":{"line":111,"column":6},"end":{"line":111,"column":30}},"40":{"start":{"line":113,"column":6},"end":{"line":113,"column":27}},"41":{"start":{"line":115,"column":6},"end":{"line":115,"column":23}},"42":{"start":{"line":122,"column":29},"end":{"line":124,"column":1}},"43":{"start":{"line":123,"column":2},"end":{"line":123,"column":62}},"44":{"start":{"line":123,"column":39},"end":{"line":123,"column":60}},"45":{"start":{"line":129,"column":29},"end":{"line":134,"column":1}},"46":{"start":{"line":133,"column":2},"end":{"line":133,"column":50}},"47":{"start":{"line":139,"column":41},"end":{"line":144,"column":1}},"48":{"start":{"line":140,"column":2},"end":{"line":143,"column":4}},"49":{"start":{"line":141,"column":23},"end":{"line":141,"column":58}},"50":{"start":{"line":149,"column":29},"end":{"line":151,"column":1}},"51":{"start":{"line":150,"column":2},"end":{"line":150,"column":53}}},"fnMap":{"0":{"name":"(anonymous_0)","decl":{"start":{"line":8,"column":30},"end":{"line":8,"column":31}},"loc":{"start":{"line":8,"column":58},"end":{"line":14,"column":1}},"line":8},"1":{"name":"(anonymous_1)","decl":{"start":{"line":19,"column":33},"end":{"line":19,"column":34}},"loc":{"start":{"line":19,"column":60},"end":{"line":30,"column":1}},"line":19},"2":{"name":"(anonymous_2)","decl":{"start":{"line":35,"column":34},"end":{"line":35,"column":35}},"loc":{"start":{"line":35,"column":62},"end":{"line":38,"column":1}},"line":35},"3":{"name":"(anonymous_3)","decl":{"start":{"line":43,"column":31},"end":{"line":43,"column":32}},"loc":{"start":{"line":46,"column":17},"end":{"line":55,"column":1}},"line":46},"4":{"name":"(anonymous_4)","decl":{"start":{"line":54,"column":32},"end":{"line":54,"column":33}},"loc":{"start":{"line":54,"column":44},"end":{"line":54,"column":55}},"line":54},"5":{"name":"(anonymous_5)","decl":{"start":{"line":60,"column":36},"end":{"line":60,"column":37}},"loc":{"start":{"line":64,"column":13},"end":{"line":70,"column":1}},"line":64},"6":{"name":"(anonymous_6)","decl":{"start":{"line":75,"column":28},"end":{"line":75,"column":29}},"loc":{"start":{"line":75,"column":53},"end":{"line":78,"column":1}},"line":75},"7":{"name":"(anonymous_7)","decl":{"start":{"line":83,"column":26},"end":{"line":83,"column":27}},"loc":{"start":{"line":83,"column":50},"end":{"line":85,"column":1}},"line":83},"8":{"name":"(anonymous_8)","decl":{"start":{"line":90,"column":28},"end":{"line":90,"column":29}},"loc":{"start":{"line":90,"column":78},"end":{"line":101,"column":1}},"line":90},"9":{"name":"(anonymous_9)","decl":{"start":{"line":106,"column":28},"end":{"line":106,"column":29}},"loc":{"start":{"line":106,"column":78},"end":{"line":117,"column":1}},"line":106},"10":{"name":"(anonymous_10)","decl":{"start":{"line":122,"column":29},"end":{"line":122,"column":30}},"loc":{"start":{"line":122,"column":68},"end":{"line":124,"column":1}},"line":122},"11":{"name":"(anonymous_11)","decl":{"start":{"line":123,"column":29},"end":{"line":123,"column":30}},"loc":{"start":{"line":123,"column":39},"end":{"line":123,"column":60}},"line":123},"12":{"name":"(anonymous_12)","decl":{"start":{"line":129,"column":29},"end":{"line":129,"column":30}},"loc":{"start":{"line":132,"column":17},"end":{"line":134,"column":1}},"line":132},"13":{"name":"(anonymous_13)","decl":{"start":{"line":139,"column":41},"end":{"line":139,"column":42}},"loc":{"start":{"line":139,"column":76},"end":{"line":144,"column":1}},"line":139},"14":{"name":"(anonymous_14)","decl":{"start":{"line":141,"column":4},"end":{"line":141,"column":5}},"loc":{"start":{"line":141,"column":23},"end":{"line":141,"column":58}},"line":141},"15":{"name":"(anonymous_15)","decl":{"start":{"line":149,"column":29},"end":{"line":149,"column":30}},"loc":{"start":{"line":149,"column":56},"end":{"line":151,"column":1}},"line":149}},"branchMap":{"0":{"loc":{"start":{"line":23,"column":2},"end":{"line":25,"column":3}},"type":"if","locations":[{"start":{"line":23,"column":2},"end":{"line":25,"column":3}},{"start":{},"end":{}}],"line":23},"1":{"loc":{"start":{"line":26,"column":2},"end":{"line":28,"column":3}},"type":"if","locations":[{"start":{"line":26,"column":2},"end":{"line":28,"column":3}},{"start":{},"end":{}}],"line":26},"2":{"loc":{"start":{"line":37,"column":9},"end":{"line":37,"column":55}},"type":"binary-expr","locations":[{"start":{"line":37,"column":9},"end":{"line":37,"column":30}},{"start":{"line":37,"column":34},"end":{"line":37,"column":55}}],"line":37},"3":{"loc":{"start":{"line":47,"column":2},"end":{"line":47,"column":38}},"type":"if","locations":[{"start":{"line":47,"column":2},"end":{"line":47,"column":38}},{"start":{},"end":{}}],"line":47},"4":{"loc":{"start":{"line":68,"column":16},"end":{"line":68,"column":73}},"type":"cond-expr","locations":[{"start":{"line":68,"column":43},"end":{"line":68,"column":60}},{"start":{"line":68,"column":63},"end":{"line":68,"column":73}}],"line":68},"5":{"loc":{"start":{"line":76,"column":2},"end":{"line":76,"column":24}},"type":"if","locations":[{"start":{"line":76,"column":2},"end":{"line":76,"column":24}},{"start":{},"end":{}}],"line":76},"6":{"loc":{"start":{"line":91,"column":2},"end":{"line":100,"column":3}},"type":"switch","locations":[{"start":{"line":92,"column":4},"end":{"line":93,"column":23}},{"start":{"line":94,"column":4},"end":{"line":95,"column":23}},{"start":{"line":96,"column":4},"end":{"line":97,"column":23}},{"start":{"line":98,"column":4},"end":{"line":99,"column":23}}],"line":91},"7":{"loc":{"start":{"line":107,"column":2},"end":{"line":116,"column":3}},"type":"switch","locations":[{"start":{"line":108,"column":4},"end":{"line":109,"column":28}},{"start":{"line":110,"column":4},"end":{"line":111,"column":30}},{"start":{"line":112,"column":4},"end":{"line":113,"column":27}},{"start":{"line":114,"column":4},"end":{"line":115,"column":23}}],"line":107},"8":{"loc":{"start":{"line":131,"column":2},"end":{"line":131,"column":19}},"type":"default-arg","locations":[{"start":{"line":131,"column":18},"end":{"line":131,"column":19}}],"line":131}},"s":{"0":0,"1":0,"2":0,"3":0,"4":0,"5":0,"6":0,"7":0,"8":0,"9":0,"10":0,"11":0,"12":0,"13":0,"14":0,"15":0,"16":0,"17":0,"18":0,"19":0,"20":0,"21":0,"22":0,"23":0,"24":0,"25":0,"26":0,"27":0,"28":0,"29":0,"30":0,"31":0,"32":0,"33":0,"34":0,"35":0,"36":0,"37":0,"38":0,"39":0,"40":0,"41":0,"42":0,"43":0,"44":0,"45":0,"46":0,"47":0,"48":0,"49":0,"50":0,"51":0},"f":{"0":0,"1":0,"2":0,"3":0,"4":0,"5":0,"6":0,"7":0,"8":0,"9":0,"10":0,"11":0,"12":0,"13":0,"14":0,"15":0},"b":{"0":[0,0],"1":[0,0],"2":[0,0],"3":[0,0],"4":[0,0],"5":[0,0],"6":[0,0,0,0],"7":[0,0,0,0],"8":[0]}}
}
